<?xml version="1.0" encoding="utf-8"?>
<test-run id="2" testcasecount="5" result="Passed" total="5" passed="5" failed="0" inconclusive="0" skipped="0" asserts="0" engine-version="3.5.0.0" clr-version="4.0.30319.42000" start-time="2026-09-09 19:45:45Z" end-time="2026-09-09 19:45:50Z" duration="4,9962059">
  <test-suite type="TestSuite" id="1068" name="rustline" fullname="rustline" runstate="Runnable" testcasecount="51" result="Passed" start-time="2026-09-09 19:45:45Z" end-time="2026-09-09 19:45:50Z" duration="4.996206" total="5" passed="5" failed="0" inconclusive="0" skipped="0" asserts="0">
    <properties>
      <property name="platform" value="PlayMode" />
    </properties>
    <test-suite type="Assembly" id="1062" name="Rustline.PlayModeTests.dll" fullname="C:/Projetos/Github/rustline/Library/ScriptAssemblies/Rustline.PlayModeTests.dll" runstate="Runnable" testcasecount="51" result="Passed" start-time="2026-09-09 19:45:45Z" end-time="2026-09-09 19:45:50Z" duration="4.979275" total="5" passed="5" failed="0" inconclusive="0" skipped="0" asserts="0">
      <properties>
        <property name="_PID" value="46740" />
        <property name="_APPDOMAIN" value="Unity Child Domain" />
        <property name="platform" value="PlayMode" />
        <property name="EditorOnly" value="False" />
      </properties>
      <test-suite type="TestSuite" id="1063" name="Rustline" fullname="Rustline" runstate="Runnable" testcasecount="51" result="Passed" start-time="2026-09-09 19:45:45Z" end-time="2026-09-09 19:45:50Z" duration="4.969749" total="5" passed="5" failed="0" inconclusive="0" skipped="0" asserts="0">
        <properties />
        <test-suite type="TestSuite" id="1064" name="Tests" fullname="Rustline.Tests" runstate="Runnable" testcasecount="51" result="Passed" start-time="2026-09-09 19:45:45Z" end-time="2026-09-09 19:45:50Z" duration="4.954560" total="5" passed="5" failed="0" inconclusive="0" skipped="0" asserts="0">
          <properties />
          <test-suite type="TestFixture" id="1005" name="LedgeClimbPlayModeTests" fullname="Rustline.Tests.LedgeClimbPlayModeTests" classname="Rustline.Tests.LedgeClimbPlayModeTests" runstate="Runnable" testcasecount="5" result="Passed" start-time="2026-09-09 19:45:45Z" end-time="2026-09-09 19:45:50Z" duration="4.936774" total="5" passed="5" failed="0" inconclusive="0" skipped="0" asserts="0">
            <properties />
            <test-case id="1008" name="BackpedalOffRightEdge_RequiresReverseInputButNotNegativeVelocity" fullname="Rustline.Tests.LedgeClimbPlayModeTests.BackpedalOffRightEdge_RequiresReverseInputButNotNegativeVelocity" methodname="BackpedalOffRightEdge_RequiresReverseInputButNotNegativeVelocity" classname="Rustline.Tests.LedgeClimbPlayModeTests" runstate="Runnable" seed="442578616" result="Passed" start-time="2026-09-09 19:45:45Z" end-time="2026-09-09 19:45:47Z" duration="1.948539" asserts="0">
              <properties>
                <property name="_JOINTYPE" value="UnityCombinatorial" />
                <property name="retryIteration" value="0" />
                <property name="repeatIteration" value="0" />
              </properties>
            </test-case>
            <test-case id="1009" name="FacingMismatchAndBlockedDestination_RejectWithoutDisablingCollider" fullname="Rustline.Tests.LedgeClimbPlayModeTests.FacingMismatchAndBlockedDestination_RejectWithoutDisablingCollider" methodname="FacingMismatchAndBlockedDestination_RejectWithoutDisablingCollider" classname="Rustline.Tests.LedgeClimbPlayModeTests" runstate="Runnable" seed="320240354" result="Passed" start-time="2026-09-09 19:45:47Z" end-time="2026-09-09 19:45:47Z" duration="0.449215" asserts="0">
              <properties>
                <property name="_JOINTYPE" value="UnityCombinatorial" />
                <property name="retryIteration" value="0" />
                <property name="repeatIteration" value="0" />
              </properties>
            </test-case>
            <test-case id="1006" name="LeftPlatformEdge_CompletesCommittedRightFacingClimbWithoutLandOrFire" fullname="Rustline.Tests.LedgeClimbPlayModeTests.LeftPlatformEdge_CompletesCommittedRightFacingClimbWithoutLandOrFire" methodname="LeftPlatformEdge_CompletesCommittedRightFacingClimbWithoutLandOrFire" classname="Rustline.Tests.LedgeClimbPlayModeTests" runstate="Runnable" seed="609425160" result="Passed" start-time="2026-09-09 19:45:47Z" end-time="2026-09-09 19:45:48Z" duration="1.031121" asserts="0">
              <properties>
                <property name="_JOINTYPE" value="UnityCombinatorial" />
                <property name="retryIteration" value="0" />
                <property name="repeatIteration" value="0" />
              </properties>
            </test-case>
            <test-case id="1010" name="ResetAfterRespawn_CancelsClimbAndRestoresStandingCollider" fullname="Rustline.Tests.LedgeClimbPlayModeTests.ResetAfterRespawn_CancelsClimbAndRestoresStandingCollider" methodname="ResetAfterRespawn_CancelsClimbAndRestoresStandingCollider" classname="Rustline.Tests.LedgeClimbPlayModeTests" runstate="Runnable" seed="989113568" result="Passed" start-time="2026-09-09 19:45:48Z" end-time="2026-09-09 19:45:49Z" duration="0.448953" asserts="0">
              <properties>
                <property name="_JOINTYPE" value="UnityCombinatorial" />
                <property name="retryIteration" value="0" />
                <property name="repeatIteration" value="0" />
              </properties>
            </test-case>
            <test-case id="1007" name="RightPlatformEdge_MirrorsOnlyHorizontalTrajectoryAndFacing" fullname="Rustline.Tests.LedgeClimbPlayModeTests.RightPlatformEdge_MirrorsOnlyHorizontalTrajectoryAndFacing" methodname="RightPlatformEdge_MirrorsOnlyHorizontalTrajectoryAndFacing" classname="Rustline.Tests.LedgeClimbPlayModeTests" runstate="Runnable" seed="89324363" result="Passed" start-time="2026-09-09 19:45:49Z" end-time="2026-09-09 19:45:50Z" duration="1.031445" asserts="0">
              <properties>
                <property name="_JOINTYPE" value="UnityCombinatorial" />
                <property name="retryIteration" value="0" />
                <property name="repeatIteration" value="0" />
              </properties>
              <output><![CDATA[Saving results to: C:/Users/pedro/AppData/LocalLow/DefaultCompany/rustline\TestResults.xml
]]></output>
            </test-case>
          </test-suite>
        </test-suite>
      </test-suite>
    </test-suite>
  </test-suite>
</test-run>