<?xml version="1.0" encoding="utf-8"?>
<test-run id="2" testcasecount="22" result="Passed" total="22" passed="22" failed="0" inconclusive="0" skipped="0" asserts="0" engine-version="3.5.0.0" clr-version="4.0.30319.42000" start-time="2026-09-09 19:40:33Z" end-time="2026-09-09 19:40:33Z" duration="0,1142592">
  <test-suite type="TestSuite" id="1000" name="rustline" fullname="rustline" runstate="Runnable" testcasecount="227" result="Passed" start-time="2026-09-09 19:40:33Z" end-time="2026-09-09 19:40:33Z" duration="0.114259" total="22" passed="22" failed="0" inconclusive="0" skipped="0" asserts="0">
    <properties>
      <property name="platform" value="EditMode" />
    </properties>
    <test-suite type="Assembly" id="1263" name="Rustline.EditModeTests.dll" fullname="C:/Projetos/Github/rustline/Library/ScriptAssemblies/Rustline.EditModeTests.dll" runstate="Runnable" testcasecount="227" result="Passed" start-time="2026-09-09 19:40:33Z" end-time="2026-09-09 19:40:33Z" duration="0.103550" total="22" passed="22" failed="0" inconclusive="0" skipped="0" asserts="0">
      <properties>
        <property name="_PID" value="40916" />
        <property name="_APPDOMAIN" value="Unity Child Domain" />
        <property name="platform" value="EditMode" />
        <property name="EditorOnly" value="True" />
      </properties>
      <test-suite type="TestSuite" id="1264" name="Rustline" fullname="Rustline" runstate="Runnable" testcasecount="227" result="Passed" start-time="2026-09-09 19:40:33Z" end-time="2026-09-09 19:40:33Z" duration="0.090646" total="22" passed="22" failed="0" inconclusive="0" skipped="0" asserts="0">
        <properties />
        <test-suite type="TestSuite" id="1265" name="Tests" fullname="Rustline.Tests" runstate="Runnable" testcasecount="227" result="Passed" start-time="2026-09-09 19:40:33Z" end-time="2026-09-09 19:40:33Z" duration="0.085444" total="22" passed="22" failed="0" inconclusive="0" skipped="0" asserts="0">
          <properties />
          <test-suite type="TestFixture" id="1159" name="PlayerLedgeClimbTests" fullname="Rustline.Tests.PlayerLedgeClimbTests" classname="Rustline.Tests.PlayerLedgeClimbTests" runstate="Runnable" testcasecount="22" result="Passed" start-time="2026-09-09 19:40:33Z" end-time="2026-09-09 19:40:33Z" duration="0.078295" total="22" passed="22" failed="0" inconclusive="0" skipped="0" asserts="0">
            <properties />
            <test-suite type="ParameterizedMethod" id="1165" name="AuthoredRootOffsets_MatchSourcePixelsAndMirrorOnlyX" fullname="Rustline.Tests.PlayerLedgeClimbTests.AuthoredRootOffsets_MatchSourcePixelsAndMirrorOnlyX" classname="Rustline.Tests.PlayerLedgeClimbTests" runstate="Runnable" testcasecount="5" result="Passed" start-time="2026-09-09 19:40:33Z" end-time="2026-09-09 19:40:33Z" duration="0.036863" total="5" passed="5" failed="0" inconclusive="0" skipped="0" asserts="0">
              <properties />
              <test-case id="1160" name="AuthoredRootOffsets_MatchSourcePixelsAndMirrorOnlyX(0,0.0f,0.0f)" fullname="Rustline.Tests.PlayerLedgeClimbTests.AuthoredRootOffsets_MatchSourcePixelsAndMirrorOnlyX(0,0.0f,0.0f)" methodname="AuthoredRootOffsets_MatchSourcePixelsAndMirrorOnlyX" classname="Rustline.Tests.PlayerLedgeClimbTests" runstate="Runnable" seed="872245156" result="Passed" start-time="2026-09-09 19:40:33Z" end-time="2026-09-09 19:40:33Z" duration="0.026424" asserts="0">
                <properties>
                  <property name="retryIteration" value="0" />
                  <property name="repeatIteration" value="0" />
                </properties>
              </test-case>
              <test-case id="1161" name="AuthoredRootOffsets_MatchSourcePixelsAndMirrorOnlyX(1,8.0f,8.0f)" fullname="Rustline.Tests.PlayerLedgeClimbTests.AuthoredRootOffsets_MatchSourcePixelsAndMirrorOnlyX(1,8.0f,8.0f)" methodname="AuthoredRootOffsets_MatchSourcePixelsAndMirrorOnlyX" classname="Rustline.Tests.PlayerLedgeClimbTests" runstate="Runnable" seed="787356817" result="Passed" start-time="2026-09-09 19:40:33Z" end-time="2026-09-09 19:40:33Z" duration="0.000407" asserts="0">
                <properties>
                  <property name="retryIteration" value="0" />
                  <property name="repeatIteration" value="0" />
                </properties>
              </test-case>
              <test-case id="1162" name="AuthoredRootOffsets_MatchSourcePixelsAndMirrorOnlyX(2,14.0f,14.0f)" fullname="Rustline.Tests.PlayerLedgeClimbTests.AuthoredRootOffsets_MatchSourcePixelsAndMirrorOnlyX(2,14.0f,14.0f)" methodname="AuthoredRootOffsets_MatchSourcePixelsAndMirrorOnlyX" classname="Rustline.Tests.PlayerLedgeClimbTests" runstate="Runnable" seed="384253260" result="Passed" start-time="2026-09-09 19:40:33Z" end-time="2026-09-09 19:40:33Z" duration="0.000272" asserts="0">
                <properties>
                  <property name="retryIteration" value="0" />
                  <property name="repeatIteration" value="0" />
                </properties>
              </test-case>
              <test-case id="1163" name="AuthoredRootOffsets_MatchSourcePixelsAndMirrorOnlyX(3,18.0f,17.0f)" fullname="Rustline.Tests.PlayerLedgeClimbTests.AuthoredRootOffsets_MatchSourcePixelsAndMirrorOnlyX(3,18.0f,17.0f)" methodname="AuthoredRootOffsets_MatchSourcePixelsAndMirrorOnlyX" classname="Rustline.Tests.PlayerLedgeClimbTests" runstate="Runnable" seed="494053057" result="Passed" start-time="2026-09-09 19:40:33Z" end-time="2026-09-09 19:40:33Z" duration="0.000236" asserts="0">
                <properties>
                  <property name="retryIteration" value="0" />
                  <property name="repeatIteration" value="0" />
                </properties>
              </test-case>
              <test-case id="1164" name="AuthoredRootOffsets_MatchSourcePixelsAndMirrorOnlyX(4,19.0f,19.0f)" fullname="Rustline.Tests.PlayerLedgeClimbTests.AuthoredRootOffsets_MatchSourcePixelsAndMirrorOnlyX(4,19.0f,19.0f)" methodname="AuthoredRootOffsets_MatchSourcePixelsAndMirrorOnlyX" classname="Rustline.Tests.PlayerLedgeClimbTests" runstate="Runnable" seed="154461930" result="Passed" start-time="2026-09-09 19:40:33Z" end-time="2026-09-09 19:40:33Z" duration="0.000230" asserts="0">
                <properties>
                  <property name="retryIteration" value="0" />
                  <property name="repeatIteration" value="0" />
                </properties>
              </test-case>
            </test-suite>
            <test-suite type="ParameterizedMethod" id="1184" name="Eligibility_UsesAirStateInputFacingAndWallKickLock" fullname="Rustline.Tests.PlayerLedgeClimbTests.Eligibility_UsesAirStateInputFacingAndWallKickLock" classname="Rustline.Tests.PlayerLedgeClimbTests" runstate="Runnable" testcasecount="8" result="Passed" start-time="2026-09-09 19:40:33Z" end-time="2026-09-09 19:40:33Z" duration="0.007477" total="8" passed="8" failed="0" inconclusive="0" skipped="0" asserts="0">
              <properties />
              <test-case id="1176" name="Eligibility_UsesAirStateInputFacingAndWallKickLock(False,-1.0f,1.0f,False,0.0f,True)" fullname="Rustline.Tests.PlayerLedgeClimbTests.Eligibility_UsesAirStateInputFacingAndWallKickLock(False,-1.0f,1.0f,False,0.0f,True)" methodname="Eligibility_UsesAirStateInputFacingAndWallKickLock" classname="Rustline.Tests.PlayerLedgeClimbTests" runstate="Runnable" seed="644031192" result="Passed" start-time="2026-09-09 19:40:33Z" end-time="2026-09-09 19:40:33Z" duration="0.002517" asserts="0">
                <properties>
                  <property name="retryIteration" value="0" />
                  <property name="repeatIteration" value="0" />
                </properties>
              </test-case>
              <test-case id="1177" name="Eligibility_UsesAirStateInputFacingAndWallKickLock(False,-1.0f,-1.0f,True,0.0f,True)" fullname="Rustline.Tests.PlayerLedgeClimbTests.Eligibility_UsesAirStateInputFacingAndWallKickLock(False,-1.0f,-1.0f,True,0.0f,True)" methodname="Eligibility_UsesAirStateInputFacingAndWallKickLock" classname="Rustline.Tests.PlayerLedgeClimbTests" runstate="Runnable" seed="325949623" result="Passed" start-time="2026-09-09 19:40:33Z" end-time="2026-09-09 19:40:33Z" duration="0.000478" asserts="0">
                <properties>
                  <property name="retryIteration" value="0" />
                  <property name="repeatIteration" value="0" />
                </properties>
              </test-case>
              <test-case id="1178" name="Eligibility_UsesAirStateInputFacingAndWallKickLock(True,-1.0f,1.0f,False,0.0f,False)" fullname="Rustline.Tests.PlayerLedgeClimbTests.Eligibility_UsesAirStateInputFacingAndWallKickLock(True,-1.0f,1.0f,False,0.0f,False)" methodname="Eligibility_UsesAirStateInputFacingAndWallKickLock" classname="Rustline.Tests.PlayerLedgeClimbTests" runstate="Runnable" seed="1725122172" result="Passed" start-time="2026-09-09 19:40:33Z" end-time="2026-09-09 19:40:33Z" duration="0.000288" asserts="0">
                <properties>
                  <property name="retryIteration" value="0" />
                  <property name="repeatIteration" value="0" />
                </properties>
              </test-case>
              <test-case id="1179" name="Eligibility_UsesAirStateInputFacingAndWallKickLock(False,0.11f,1.0f,False,0.0f,False)" fullname="Rustline.Tests.PlayerLedgeClimbTests.Eligibility_UsesAirStateInputFacingAndWallKickLock(False,0.11f,1.0f,False,0.0f,False)" methodname="Eligibility_UsesAirStateInputFacingAndWallKickLock" classname="Rustline.Tests.PlayerLedgeClimbTests" runstate="Runnable" seed="748754680" result="Passed" start-time="2026-09-09 19:40:33Z" end-time="2026-09-09 19:40:33Z" duration="0.000224" asserts="0">
                <properties>
                  <property name="retryIteration" value="0" />
                  <property name="repeatIteration" value="0" />
                </properties>
              </test-case>
              <test-case id="1180" name="Eligibility_UsesAirStateInputFacingAndWallKickLock(False,-1.0f,0.09f,False,0.0f,False)" fullname="Rustline.Tests.PlayerLedgeClimbTests.Eligibility_UsesAirStateInputFacingAndWallKickLock(False,-1.0f,0.09f,False,0.0f,False)" methodname="Eligibility_UsesAirStateInputFacingAndWallKickLock" classname="Rustline.Tests.PlayerLedgeClimbTests" runstate="Runnable" seed="583914682" result="Passed" start-time="2026-09-09 19:40:33Z" end-time="2026-09-09 19:40:33Z" duration="0.000218" asserts="0">
                <properties>
                  <property name="retryIteration" value="0" />
                  <property name="repeatIteration" value="0" />
                </properties>
              </test-case>
              <test-case id="1181" name="Eligibility_UsesAirStateInputFacingAndWallKickLock(False,-1.0f,1.0f,True,0.0f,False)" fullname="Rustline.Tests.PlayerLedgeClimbTests.Eligibility_UsesAirStateInputFacingAndWallKickLock(False,-1.0f,1.0f,True,0.0f,False)" methodname="Eligibility_UsesAirStateInputFacingAndWallKickLock" classname="Rustline.Tests.PlayerLedgeClimbTests" runstate="Runnable" seed="1712295937" result="Passed" start-time="2026-09-09 19:40:33Z" end-time="2026-09-09 19:40:33Z" duration="0.000221" asserts="0">
                <properties>
                  <property name="retryIteration" value="0" />
                  <property name="repeatIteration" value="0" />
                </properties>
              </test-case>
              <test-case id="1182" name="Eligibility_UsesAirStateInputFacingAndWallKickLock(False,-1.0f,-1.0f,False,0.0f,False)" fullname="Rustline.Tests.PlayerLedgeClimbTests.Eligibility_UsesAirStateInputFacingAndWallKickLock(False,-1.0f,-1.0f,False,0.0f,False)" methodname="Eligibility_UsesAirStateInputFacingAndWallKickLock" classname="Rustline.Tests.PlayerLedgeClimbTests" runstate="Runnable" seed="790685517" result="Passed" start-time="2026-09-09 19:40:33Z" end-time="2026-09-09 19:40:33Z" duration="0.000223" asserts="0">
                <properties>
                  <property name="retryIteration" value="0" />
                  <property name="repeatIteration" value="0" />
                </properties>
              </test-case>
              <test-case id="1183" name="Eligibility_UsesAirStateInputFacingAndWallKickLock(False,-1.0f,1.0f,False,0.01f,False)" fullname="Rustline.Tests.PlayerLedgeClimbTests.Eligibility_UsesAirStateInputFacingAndWallKickLock(False,-1.0f,1.0f,False,0.01f,False)" methodname="Eligibility_UsesAirStateInputFacingAndWallKickLock" classname="Rustline.Tests.PlayerLedgeClimbTests" runstate="Runnable" seed="1795730835" result="Passed" start-time="2026-09-09 19:40:33Z" end-time="2026-09-09 19:40:33Z" duration="0.000480" asserts="0">
                <properties>
                  <property name="retryIteration" value="0" />
                  <property name="repeatIteration" value="0" />
                </properties>
              </test-case>
            </test-suite>
            <test-case id="1175" name="FinalSettle_StartsOnlyAfterFrameFourAndEndsExactlyAtDestination" fullname="Rustline.Tests.PlayerLedgeClimbTests.FinalSettle_StartsOnlyAfterFrameFourAndEndsExactlyAtDestination" methodname="FinalSettle_StartsOnlyAfterFrameFourAndEndsExactlyAtDestination" classname="Rustline.Tests.PlayerLedgeClimbTests" runstate="Runnable" seed="1576357973" result="Passed" start-time="2026-09-09 19:40:33Z" end-time="2026-09-09 19:40:33Z" duration="0.010783" asserts="0">
              <properties>
                <property name="retryIteration" value="0" />
                <property name="repeatIteration" value="0" />
              </properties>
            </test-case>
            <test-suite type="ParameterizedMethod" id="1174" name="FrameIndex_ChangesAtExactTenthSecondBoundaries" fullname="Rustline.Tests.PlayerLedgeClimbTests.FrameIndex_ChangesAtExactTenthSecondBoundaries" classname="Rustline.Tests.PlayerLedgeClimbTests" runstate="Runnable" testcasecount="8" result="Passed" start-time="2026-09-09 19:40:33Z" end-time="2026-09-09 19:40:33Z" duration="0.013247" total="8" passed="8" failed="0" inconclusive="0" skipped="0" asserts="0">
              <properties />
              <test-case id="1166" name="FrameIndex_ChangesAtExactTenthSecondBoundaries(0.0f,0)" fullname="Rustline.Tests.PlayerLedgeClimbTests.FrameIndex_ChangesAtExactTenthSecondBoundaries(0.0f,0)" methodname="FrameIndex_ChangesAtExactTenthSecondBoundaries" classname="Rustline.Tests.PlayerLedgeClimbTests" runstate="Runnable" seed="831596884" result="Passed" start-time="2026-09-09 19:40:33Z" end-time="2026-09-09 19:40:33Z" duration="0.000894" asserts="0">
                <properties>
                  <property name="retryIteration" value="0" />
                  <property name="repeatIteration" value="0" />
                </properties>
              </test-case>
              <test-case id="1167" name="FrameIndex_ChangesAtExactTenthSecondBoundaries(0.0999f,0)" fullname="Rustline.Tests.PlayerLedgeClimbTests.FrameIndex_ChangesAtExactTenthSecondBoundaries(0.0999f,0)" methodname="FrameIndex_ChangesAtExactTenthSecondBoundaries" classname="Rustline.Tests.PlayerLedgeClimbTests" runstate="Runnable" seed="794510053" result="Passed" start-time="2026-09-09 19:40:33Z" end-time="2026-09-09 19:40:33Z" duration="0.000594" asserts="0">
                <properties>
                  <property name="retryIteration" value="0" />
                  <property name="repeatIteration" value="0" />
                </properties>
              </test-case>
              <test-case id="1168" name="FrameIndex_ChangesAtExactTenthSecondBoundaries(0.1f,1)" fullname="Rustline.Tests.PlayerLedgeClimbTests.FrameIndex_ChangesAtExactTenthSecondBoundaries(0.1f,1)" methodname="FrameIndex_ChangesAtExactTenthSecondBoundaries" classname="Rustline.Tests.PlayerLedgeClimbTests" runstate="Runnable" seed="1822798272" result="Passed" start-time="2026-09-09 19:40:33Z" end-time="2026-09-09 19:40:33Z" duration="0.000974" asserts="0">
                <properties>
                  <property name="retryIteration" value="0" />
                  <property name="repeatIteration" value="0" />
                </properties>
              </test-case>
              <test-case id="1169" name="FrameIndex_ChangesAtExactTenthSecondBoundaries(0.1999f,1)" fullname="Rustline.Tests.PlayerLedgeClimbTests.FrameIndex_ChangesAtExactTenthSecondBoundaries(0.1999f,1)" methodname="FrameIndex_ChangesAtExactTenthSecondBoundaries" classname="Rustline.Tests.PlayerLedgeClimbTests" runstate="Runnable" seed="1524454435" result="Passed" start-time="2026-09-09 19:40:33Z" end-time="2026-09-09 19:40:33Z" duration="0.000767" asserts="0">
                <properties>
                  <property name="retryIteration" value="0" />
                  <property name="repeatIteration" value="0" />
                </properties>
              </test-case>
              <test-case id="1170" name="FrameIndex_ChangesAtExactTenthSecondBoundaries(0.2f,2)" fullname="Rustline.Tests.PlayerLedgeClimbTests.FrameIndex_ChangesAtExactTenthSecondBoundaries(0.2f,2)" methodname="FrameIndex_ChangesAtExactTenthSecondBoundaries" classname="Rustline.Tests.PlayerLedgeClimbTests" runstate="Runnable" seed="1202544519" result="Passed" start-time="2026-09-09 19:40:33Z" end-time="2026-09-09 19:40:33Z" duration="0.000784" asserts="0">
                <properties>
                  <property name="retryIteration" value="0" />
                  <property name="repeatIteration" value="0" />
                </properties>
              </test-case>
              <test-case id="1171" name="FrameIndex_ChangesAtExactTenthSecondBoundaries(0.3f,3)" fullname="Rustline.Tests.PlayerLedgeClimbTests.FrameIndex_ChangesAtExactTenthSecondBoundaries(0.3f,3)" methodname="FrameIndex_ChangesAtExactTenthSecondBoundaries" classname="Rustline.Tests.PlayerLedgeClimbTests" runstate="Runnable" seed="469001395" result="Passed" start-time="2026-09-09 19:40:33Z" end-time="2026-09-09 19:40:33Z" duration="0.000855" asserts="0">
                <properties>
                  <property name="retryIteration" value="0" />
                  <property name="repeatIteration" value="0" />
                </properties>
              </test-case>
              <test-case id="1172" name="FrameIndex_ChangesAtExactTenthSecondBoundaries(0.4f,4)" fullname="Rustline.Tests.PlayerLedgeClimbTests.FrameIndex_ChangesAtExactTenthSecondBoundaries(0.4f,4)" methodname="FrameIndex_ChangesAtExactTenthSecondBoundaries" classname="Rustline.Tests.PlayerLedgeClimbTests" runstate="Runnable" seed="1405574740" result="Passed" start-time="2026-09-09 19:40:33Z" end-time="2026-09-09 19:40:33Z" duration="0.000910" asserts="0">
                <properties>
                  <property name="retryIteration" value="0" />
                  <property name="repeatIteration" value="0" />
                </properties>
              </test-case>
              <test-case id="1173" name="FrameIndex_ChangesAtExactTenthSecondBoundaries(10.0f,4)" fullname="Rustline.Tests.PlayerLedgeClimbTests.FrameIndex_ChangesAtExactTenthSecondBoundaries(10.0f,4)" methodname="FrameIndex_ChangesAtExactTenthSecondBoundaries" classname="Rustline.Tests.PlayerLedgeClimbTests" runstate="Runnable" seed="649535296" result="Passed" start-time="2026-09-09 19:40:33Z" end-time="2026-09-09 19:40:33Z" duration="0.000482" asserts="0">
                <properties>
                  <property name="retryIteration" value="0" />
                  <property name="repeatIteration" value="0" />
                </properties>
                <output><![CDATA[Saving results to: C:/Users/pedro/AppData/LocalLow/DefaultCompany/rustline\TestResults.xml
]]></output>
              </test-case>
            </test-suite>
          </test-suite>
        </test-suite>
      </test-suite>
    </test-suite>
  </test-suite>
</test-run>