<?xml version="1.0" encoding="utf-8"?>
<test-run id="2" testcasecount="2" result="Passed" total="2" passed="2" failed="0" inconclusive="0" skipped="0" asserts="0" engine-version="3.5.0.0" clr-version="4.0.30319.42000" start-time="2026-09-09 20:09:00Z" end-time="2026-09-09 20:09:02Z" duration="2,5479772">
  <test-suite type="TestSuite" id="1068" name="rustline" fullname="rustline" runstate="Runnable" testcasecount="51" result="Passed" start-time="2026-09-09 20:09:00Z" end-time="2026-09-09 20:09:02Z" duration="2.547977" total="2" passed="2" failed="0" inconclusive="0" skipped="0" asserts="0">
    <properties>
      <property name="platform" value="PlayMode" />
    </properties>
    <test-suite type="Assembly" id="1062" name="Rustline.PlayModeTests.dll" fullname="C:/Projetos/Github/rustline/Library/ScriptAssemblies/Rustline.PlayModeTests.dll" runstate="Runnable" testcasecount="51" result="Passed" start-time="2026-09-09 20:09:00Z" end-time="2026-09-09 20:09:02Z" duration="2.530038" total="2" passed="2" failed="0" inconclusive="0" skipped="0" asserts="0">
      <properties>
        <property name="_PID" value="30088" />
        <property name="_APPDOMAIN" value="Unity Child Domain" />
        <property name="platform" value="PlayMode" />
        <property name="EditorOnly" value="False" />
      </properties>
      <test-suite type="TestSuite" id="1063" name="Rustline" fullname="Rustline" runstate="Runnable" testcasecount="51" result="Passed" start-time="2026-09-09 20:09:00Z" end-time="2026-09-09 20:09:02Z" duration="2.525875" total="2" passed="2" failed="0" inconclusive="0" skipped="0" asserts="0">
        <properties />
        <test-suite type="TestSuite" id="1064" name="Tests" fullname="Rustline.Tests" runstate="Runnable" testcasecount="51" result="Passed" start-time="2026-09-09 20:09:00Z" end-time="2026-09-09 20:09:02Z" duration="2.505173" total="2" passed="2" failed="0" inconclusive="0" skipped="0" asserts="0">
          <properties />
          <test-suite type="TestFixture" id="1036" name="MovementLabPlayModeTests" fullname="Rustline.Tests.MovementLabPlayModeTests" classname="Rustline.Tests.MovementLabPlayModeTests" runstate="Runnable" testcasecount="16" result="Passed" start-time="2026-09-09 20:09:00Z" end-time="2026-09-09 20:09:02Z" duration="2.486428" total="2" passed="2" failed="0" inconclusive="0" skipped="0" asserts="0">
            <properties />
            <test-case id="1051" name="Player_LeftWallBraceAndKickUseActualWallSideAndPreserveImpulseLock" fullname="Rustline.Tests.MovementLabPlayModeTests.Player_LeftWallBraceAndKickUseActualWallSideAndPreserveImpulseLock" methodname="Player_LeftWallBraceAndKickUseActualWallSideAndPreserveImpulseLock" classname="Rustline.Tests.MovementLabPlayModeTests" runstate="Runnable" seed="1713933677" result="Passed" start-time="2026-09-09 20:09:00Z" end-time="2026-09-09 20:09:01Z" duration="1.618569" asserts="0">
              <properties>
                <property name="_JOINTYPE" value="UnityCombinatorial" />
                <property name="retryIteration" value="0" />
                <property name="repeatIteration" value="0" />
              </properties>
            </test-case>
            <test-case id="1050" name="Player_RightWallBraceAndKickUseActualWallSideAndPreserveImpulseLock" fullname="Rustline.Tests.MovementLabPlayModeTests.Player_RightWallBraceAndKickUseActualWallSideAndPreserveImpulseLock" methodname="Player_RightWallBraceAndKickUseActualWallSideAndPreserveImpulseLock" classname="Rustline.Tests.MovementLabPlayModeTests" runstate="Runnable" seed="2147040080" result="Passed" start-time="2026-09-09 20:09:01Z" end-time="2026-09-09 20:09:02Z" duration="0.840117" asserts="0">
              <properties>
                <property name="_JOINTYPE" value="UnityCombinatorial" />
                <property name="retryIteration" value="0" />
                <property name="repeatIteration" value="0" />
              </properties>
              <output><![CDATA[Saving results to: C:/Users/pedro/AppData/LocalLow/DefaultCompany/rustline\TestResults.xml
]]></output>
            </test-case>
          </test-suite>
        </test-suite>
      </test-suite>
    </test-suite>
  </test-suite>
</test-run>