<?xml version="1.0" encoding="utf-8"?>
<test-run id="2" testcasecount="227" result="Passed" total="227" passed="227" failed="0" inconclusive="0" skipped="0" asserts="0" engine-version="3.5.0.0" clr-version="4.0.30319.42000" start-time="2026-09-09 19:51:12Z" end-time="2026-09-09 19:51:21Z" duration="8,7908969">
  <test-suite type="TestSuite" id="1000" name="rustline" fullname="rustline" runstate="Runnable" testcasecount="227" result="Passed" start-time="2026-09-09 19:51:12Z" end-time="2026-09-09 19:51:21Z" duration="8.790897" total="227" passed="227" failed="0" inconclusive="0" skipped="0" asserts="0">
    <properties>
      <property name="platform" value="EditMode" />
    </properties>
    <test-suite type="Assembly" id="1263" name="Rustline.EditModeTests.dll" fullname="C:/Projetos/Github/rustline/Library/ScriptAssemblies/Rustline.EditModeTests.dll" runstate="Runnable" testcasecount="227" result="Passed" start-time="2026-09-09 19:51:12Z" end-time="2026-09-09 19:51:21Z" duration="8.773674" total="227" passed="227" failed="0" inconclusive="0" skipped="0" asserts="0">
      <properties>
        <property name="_PID" value="27284" />
        <property name="_APPDOMAIN" value="Unity Child Domain" />
        <property name="platform" value="EditMode" />
        <property name="EditorOnly" value="True" />
      </properties>
      <test-suite type="TestSuite" id="1264" name="Rustline" fullname="Rustline" runstate="Runnable" testcasecount="227" result="Passed" start-time="2026-09-09 19:51:12Z" end-time="2026-09-09 19:51:21Z" duration="8.769109" total="227" passed="227" failed="0" inconclusive="0" skipped="0" asserts="0">
        <properties />
        <test-suite type="TestSuite" id="1265" name="Tests" fullname="Rustline.Tests" runstate="Runnable" testcasecount="227" result="Passed" start-time="2026-09-09 19:51:12Z" end-time="2026-09-09 19:51:21Z" duration="8.764273" total="227" passed="227" failed="0" inconclusive="0" skipped="0" asserts="0">
          <properties />
          <test-suite type="TestFixture" id="1001" name="BenchmarkLogicTests" fullname="Rustline.Tests.BenchmarkLogicTests" classname="Rustline.Tests.BenchmarkLogicTests" runstate="Runnable" testcasecount="14" result="Passed" start-time="2026-09-09 19:51:12Z" end-time="2026-09-09 19:51:12Z" duration="0.116962" total="14" passed="14" failed="0" inconclusive="0" skipped="0" asserts="0">
            <properties />
            <test-case id="1009" name="Analysis_AaSummaryIncludesAbsoluteFalseDeltaNoise" fullname="Rustline.Tests.BenchmarkLogicTests.Analysis_AaSummaryIncludesAbsoluteFalseDeltaNoise" methodname="Analysis_AaSummaryIncludesAbsoluteFalseDeltaNoise" classname="Rustline.Tests.BenchmarkLogicTests" runstate="Runnable" seed="225176007" result="Passed" start-time="2026-09-09 19:51:12Z" end-time="2026-09-09 19:51:12Z" duration="0.030918" asserts="0">
              <properties>
                <property name="retryIteration" value="0" />
                <property name="repeatIteration" value="0" />
              </properties>
            </test-case>
            <test-case id="1006" name="Analysis_CalculatesOnMinusOffRegardlessOfChronologicalOrder" fullname="Rustline.Tests.BenchmarkLogicTests.Analysis_CalculatesOnMinusOffRegardlessOfChronologicalOrder" methodname="Analysis_CalculatesOnMinusOffRegardlessOfChronologicalOrder" classname="Rustline.Tests.BenchmarkLogicTests" runstate="Runnable" seed="1145789653" result="Passed" start-time="2026-09-09 19:51:12Z" end-time="2026-09-09 19:51:12Z" duration="0.002324" asserts="0">
              <properties>
                <property name="retryIteration" value="0" />
                <property name="repeatIteration" value="0" />
              </properties>
            </test-case>
            <test-case id="1010" name="Analysis_PairRelativePercentageRejectsNonpositiveOffDenominator" fullname="Rustline.Tests.BenchmarkLogicTests.Analysis_PairRelativePercentageRejectsNonpositiveOffDenominator" methodname="Analysis_PairRelativePercentageRejectsNonpositiveOffDenominator" classname="Rustline.Tests.BenchmarkLogicTests" runstate="Runnable" seed="2058808651" result="Passed" start-time="2026-09-09 19:51:12Z" end-time="2026-09-09 19:51:12Z" duration="0.001779" asserts="0">
              <properties>
                <property name="retryIteration" value="0" />
                <property name="repeatIteration" value="0" />
              </properties>
            </test-case>
            <test-case id="1012" name="Options_ParsesDefaultsOverridesAndActivation" fullname="Rustline.Tests.BenchmarkLogicTests.Options_ParsesDefaultsOverridesAndActivation" methodname="Options_ParsesDefaultsOverridesAndActivation" classname="Rustline.Tests.BenchmarkLogicTests" runstate="Runnable" seed="689167887" result="Passed" start-time="2026-09-09 19:51:12Z" end-time="2026-09-09 19:51:12Z" duration="0.004156" asserts="0">
              <properties>
                <property name="retryIteration" value="0" />
                <property name="repeatIteration" value="0" />
              </properties>
            </test-case>
            <test-case id="1013" name="Options_RejectsInvalidNumericOverrides" fullname="Rustline.Tests.BenchmarkLogicTests.Options_RejectsInvalidNumericOverrides" methodname="Options_RejectsInvalidNumericOverrides" classname="Rustline.Tests.BenchmarkLogicTests" runstate="Runnable" seed="1991618390" result="Passed" start-time="2026-09-09 19:51:12Z" end-time="2026-09-09 19:51:12Z" duration="0.001547" asserts="0">
              <properties>
                <property name="retryIteration" value="0" />
                <property name="repeatIteration" value="0" />
              </properties>
            </test-case>
            <test-case id="1005" name="Protocol_ControlOffPreservesSlotsWhileDisablingBothConditions" fullname="Rustline.Tests.BenchmarkLogicTests.Protocol_ControlOffPreservesSlotsWhileDisablingBothConditions" methodname="Protocol_ControlOffPreservesSlotsWhileDisablingBothConditions" classname="Rustline.Tests.BenchmarkLogicTests" runstate="Runnable" seed="2085953765" result="Passed" start-time="2026-09-09 19:51:12Z" end-time="2026-09-09 19:51:12Z" duration="0.010540" asserts="0">
              <properties>
                <property name="retryIteration" value="0" />
                <property name="repeatIteration" value="0" />
              </properties>
            </test-case>
            <test-case id="1004" name="Protocol_GeneratesFixedCounterbalancedSequence" fullname="Rustline.Tests.BenchmarkLogicTests.Protocol_GeneratesFixedCounterbalancedSequence" methodname="Protocol_GeneratesFixedCounterbalancedSequence" classname="Rustline.Tests.BenchmarkLogicTests" runstate="Runnable" seed="1705065144" result="Passed" start-time="2026-09-09 19:51:12Z" end-time="2026-09-09 19:51:12Z" duration="0.007039" asserts="0">
              <properties>
                <property name="retryIteration" value="0" />
                <property name="repeatIteration" value="0" />
              </properties>
            </test-case>
            <test-case id="1014" name="QualityLookup_ResolvesExactNameAndRejectsMissingLevel" fullname="Rustline.Tests.BenchmarkLogicTests.QualityLookup_ResolvesExactNameAndRejectsMissingLevel" methodname="QualityLookup_ResolvesExactNameAndRejectsMissingLevel" classname="Rustline.Tests.BenchmarkLogicTests" runstate="Runnable" seed="451849237" result="Passed" start-time="2026-09-09 19:51:12Z" end-time="2026-09-09 19:51:12Z" duration="0.001512" asserts="0">
              <properties>
                <property name="retryIteration" value="0" />
                <property name="repeatIteration" value="0" />
              </properties>
            </test-case>
            <test-case id="1015" name="ReportSerialization_ContainsMachineReadableBlocksAndInvariantCsv" fullname="Rustline.Tests.BenchmarkLogicTests.ReportSerialization_ContainsMachineReadableBlocksAndInvariantCsv" methodname="ReportSerialization_ContainsMachineReadableBlocksAndInvariantCsv" classname="Rustline.Tests.BenchmarkLogicTests" runstate="Runnable" seed="1781961407" result="Passed" start-time="2026-09-09 19:51:12Z" end-time="2026-09-09 19:51:12Z" duration="0.011136" asserts="0">
              <properties>
                <property name="retryIteration" value="0" />
                <property name="repeatIteration" value="0" />
              </properties>
            </test-case>
            <test-case id="1011" name="Statistics_AllocationSummaryReportsDistributionAndAvailability" fullname="Rustline.Tests.BenchmarkLogicTests.Statistics_AllocationSummaryReportsDistributionAndAvailability" methodname="Statistics_AllocationSummaryReportsDistributionAndAvailability" classname="Rustline.Tests.BenchmarkLogicTests" runstate="Runnable" seed="2089569279" result="Passed" start-time="2026-09-09 19:51:12Z" end-time="2026-09-09 19:51:12Z" duration="0.004596" asserts="0">
              <properties>
                <property name="retryIteration" value="0" />
                <property name="repeatIteration" value="0" />
              </properties>
            </test-case>
            <test-case id="1008" name="Statistics_BlockStabilityExposesRatioAndCoefficientOfVariation" fullname="Rustline.Tests.BenchmarkLogicTests.Statistics_BlockStabilityExposesRatioAndCoefficientOfVariation" methodname="Statistics_BlockStabilityExposesRatioAndCoefficientOfVariation" classname="Rustline.Tests.BenchmarkLogicTests" runstate="Runnable" seed="636548772" result="Passed" start-time="2026-09-09 19:51:12Z" end-time="2026-09-09 19:51:12Z" duration="0.000995" asserts="0">
              <properties>
                <property name="retryIteration" value="0" />
                <property name="repeatIteration" value="0" />
              </properties>
            </test-case>
            <test-case id="1003" name="Statistics_CalculatesInterpolatedPercentilesAndPopulationDeviation" fullname="Rustline.Tests.BenchmarkLogicTests.Statistics_CalculatesInterpolatedPercentilesAndPopulationDeviation" methodname="Statistics_CalculatesInterpolatedPercentilesAndPopulationDeviation" classname="Rustline.Tests.BenchmarkLogicTests" runstate="Runnable" seed="697716920" result="Passed" start-time="2026-09-09 19:51:12Z" end-time="2026-09-09 19:51:12Z" duration="0.000785" asserts="0">
              <properties>
                <property name="retryIteration" value="0" />
                <property name="repeatIteration" value="0" />
              </properties>
            </test-case>
            <test-case id="1002" name="Statistics_EmptyAndSingleSampleAreDefined" fullname="Rustline.Tests.BenchmarkLogicTests.Statistics_EmptyAndSingleSampleAreDefined" methodname="Statistics_EmptyAndSingleSampleAreDefined" classname="Rustline.Tests.BenchmarkLogicTests" runstate="Runnable" seed="1138166438" result="Passed" start-time="2026-09-09 19:51:12Z" end-time="2026-09-09 19:51:12Z" duration="0.000916" asserts="0">
              <properties>
                <property name="retryIteration" value="0" />
                <property name="repeatIteration" value="0" />
              </properties>
            </test-case>
            <test-case id="1007" name="Statistics_PooledFramesAndBlockBalancedMeansRemainDistinct" fullname="Rustline.Tests.BenchmarkLogicTests.Statistics_PooledFramesAndBlockBalancedMeansRemainDistinct" methodname="Statistics_PooledFramesAndBlockBalancedMeansRemainDistinct" classname="Rustline.Tests.BenchmarkLogicTests" runstate="Runnable" seed="1833396665" result="Passed" start-time="2026-09-09 19:51:12Z" end-time="2026-09-09 19:51:12Z" duration="0.000824" asserts="0">
              <properties>
                <property name="retryIteration" value="0" />
                <property name="repeatIteration" value="0" />
              </properties>
            </test-case>
          </test-suite>
          <test-suite type="TestFixture" id="1016" name="CombatHealthTests" fullname="Rustline.Tests.CombatHealthTests" classname="Rustline.Tests.CombatHealthTests" runstate="Runnable" testcasecount="4" result="Passed" start-time="2026-09-09 19:51:12Z" end-time="2026-09-09 19:51:12Z" duration="0.031655" total="4" passed="4" failed="0" inconclusive="0" skipped="0" asserts="0">
            <properties />
            <test-case id="1018" name="Health_NonPositiveDamageDoesNothingAndHealthNeverBecomesNegative" fullname="Rustline.Tests.CombatHealthTests.Health_NonPositiveDamageDoesNothingAndHealthNeverBecomesNegative" methodname="Health_NonPositiveDamageDoesNothingAndHealthNeverBecomesNegative" classname="Rustline.Tests.CombatHealthTests" runstate="Runnable" seed="78101218" result="Passed" start-time="2026-09-09 19:51:12Z" end-time="2026-09-09 19:51:12Z" duration="0.011760" asserts="0">
              <properties>
                <property name="retryIteration" value="0" />
                <property name="repeatIteration" value="0" />
              </properties>
            </test-case>
            <test-case id="1017" name="Health_ThreeLongwatchHitsProduceExpectedRhythmAndSingleDeath" fullname="Rustline.Tests.CombatHealthTests.Health_ThreeLongwatchHitsProduceExpectedRhythmAndSingleDeath" methodname="Health_ThreeLongwatchHitsProduceExpectedRhythmAndSingleDeath" classname="Rustline.Tests.CombatHealthTests" runstate="Runnable" seed="562628682" result="Passed" start-time="2026-09-09 19:51:12Z" end-time="2026-09-09 19:51:12Z" duration="0.002413" asserts="0">
              <properties>
                <property name="retryIteration" value="0" />
                <property name="repeatIteration" value="0" />
              </properties>
            </test-case>
            <test-case id="1019" name="ResetHealth_RestoresExactMaximumAndClearsDeadState" fullname="Rustline.Tests.CombatHealthTests.ResetHealth_RestoresExactMaximumAndClearsDeadState" methodname="ResetHealth_RestoresExactMaximumAndClearsDeadState" classname="Rustline.Tests.CombatHealthTests" runstate="Runnable" seed="92648714" result="Passed" start-time="2026-09-09 19:51:12Z" end-time="2026-09-09 19:51:12Z" duration="0.002004" asserts="0">
              <properties>
                <property name="retryIteration" value="0" />
                <property name="repeatIteration" value="0" />
              </properties>
            </test-case>
            <test-case id="1020" name="WeaponHitbox_ExplicitChildReferenceRoutesExactDamageAndMetadataToRootHealth" fullname="Rustline.Tests.CombatHealthTests.WeaponHitbox_ExplicitChildReferenceRoutesExactDamageAndMetadataToRootHealth" methodname="WeaponHitbox_ExplicitChildReferenceRoutesExactDamageAndMetadataToRootHealth" classname="Rustline.Tests.CombatHealthTests" runstate="Runnable" seed="831886410" result="Passed" start-time="2026-09-09 19:51:12Z" end-time="2026-09-09 19:51:12Z" duration="0.009374" asserts="0">
              <properties>
                <property name="retryIteration" value="0" />
                <property name="repeatIteration" value="0" />
              </properties>
            </test-case>
          </test-suite>
          <test-suite type="TestFixture" id="1021" name="IdentityLightingEquivalenceTests" fullname="Rustline.Tests.IdentityLightingEquivalenceTests" classname="Rustline.Tests.IdentityLightingEquivalenceTests" runstate="Runnable" testcasecount="5" result="Passed" start-time="2026-09-09 19:51:12Z" end-time="2026-09-09 19:51:15Z" duration="2.492288" total="5" passed="5" failed="0" inconclusive="0" skipped="0" asserts="0">
            <properties />
            <test-case id="1027" name="ArtShowcase_IdentityGlobalLightAndUnlitRenderExactlyEqual" fullname="Rustline.Tests.IdentityLightingEquivalenceTests.ArtShowcase_IdentityGlobalLightAndUnlitRenderExactlyEqual" methodname="ArtShowcase_IdentityGlobalLightAndUnlitRenderExactlyEqual" classname="Rustline.Tests.IdentityLightingEquivalenceTests" runstate="Runnable" seed="272781695" result="Passed" start-time="2026-09-09 19:51:12Z" end-time="2026-09-09 19:51:14Z" duration="1.628661" asserts="0">
              <properties>
                <property name="retryIteration" value="0" />
                <property name="repeatIteration" value="0" />
              </properties>
              <output><![CDATA[Identity lighting comparison: pixels=786432, different=0, maxChannelDelta=0.
]]></output>
            </test-case>
            <test-suite type="ParameterizedMethod" id="1025" name="CurrentScene_UsesUnlitForOrdinaryRenderersAndHasNoIdentityGlobalLight" fullname="Rustline.Tests.IdentityLightingEquivalenceTests.CurrentScene_UsesUnlitForOrdinaryRenderersAndHasNoIdentityGlobalLight" classname="Rustline.Tests.IdentityLightingEquivalenceTests" runstate="Runnable" testcasecount="2" result="Passed" start-time="2026-09-09 19:51:14Z" end-time="2026-09-09 19:51:15Z" duration="0.801831" total="2" passed="2" failed="0" inconclusive="0" skipped="0" asserts="0">
              <properties />
              <test-case id="1023" name="CurrentScene_UsesUnlitForOrdinaryRenderersAndHasNoIdentityGlobalLight(&quot;Assets/Scenes/MovementLab.unity&quot;)" fullname="Rustline.Tests.IdentityLightingEquivalenceTests.CurrentScene_UsesUnlitForOrdinaryRenderersAndHasNoIdentityGlobalLight(&quot;Assets/Scenes/MovementLab.unity&quot;)" methodname="CurrentScene_UsesUnlitForOrdinaryRenderersAndHasNoIdentityGlobalLight" classname="Rustline.Tests.IdentityLightingEquivalenceTests" runstate="Runnable" seed="204773322" result="Passed" start-time="2026-09-09 19:51:14Z" end-time="2026-09-09 19:51:14Z" duration="0.428912" asserts="0">
                <properties>
                  <property name="retryIteration" value="0" />
                  <property name="repeatIteration" value="0" />
                </properties>
              </test-case>
              <test-case id="1024" name="CurrentScene_UsesUnlitForOrdinaryRenderersAndHasNoIdentityGlobalLight(&quot;Assets/Scenes/ArtShowcase.unity&quot;)" fullname="Rustline.Tests.IdentityLightingEquivalenceTests.CurrentScene_UsesUnlitForOrdinaryRenderersAndHasNoIdentityGlobalLight(&quot;Assets/Scenes/ArtShowcase.unity&quot;)" methodname="CurrentScene_UsesUnlitForOrdinaryRenderersAndHasNoIdentityGlobalLight" classname="Rustline.Tests.IdentityLightingEquivalenceTests" runstate="Runnable" seed="1703944276" result="Passed" start-time="2026-09-09 19:51:14Z" end-time="2026-09-09 19:51:15Z" duration="0.369109" asserts="0">
                <properties>
                  <property name="retryIteration" value="0" />
                  <property name="repeatIteration" value="0" />
                </properties>
              </test-case>
            </test-suite>
            <test-case id="1026" name="PlayerAndJumpDustPrefabs_UseUnlitForOrdinaryRenderers" fullname="Rustline.Tests.IdentityLightingEquivalenceTests.PlayerAndJumpDustPrefabs_UseUnlitForOrdinaryRenderers" methodname="PlayerAndJumpDustPrefabs_UseUnlitForOrdinaryRenderers" classname="Rustline.Tests.IdentityLightingEquivalenceTests" runstate="Runnable" seed="1568640386" result="Passed" start-time="2026-09-09 19:51:15Z" end-time="2026-09-09 19:51:15Z" duration="0.055064" asserts="0">
              <properties>
                <property name="retryIteration" value="0" />
                <property name="repeatIteration" value="0" />
              </properties>
            </test-case>
            <test-case id="1022" name="Renderer2D_DefaultsToUnlitAndRetainsBothUrpMaterials" fullname="Rustline.Tests.IdentityLightingEquivalenceTests.Renderer2D_DefaultsToUnlitAndRetainsBothUrpMaterials" methodname="Renderer2D_DefaultsToUnlitAndRetainsBothUrpMaterials" classname="Rustline.Tests.IdentityLightingEquivalenceTests" runstate="Runnable" seed="1352998055" result="Passed" start-time="2026-09-09 19:51:15Z" end-time="2026-09-09 19:51:15Z" duration="0.002073" asserts="0">
              <properties>
                <property name="retryIteration" value="0" />
                <property name="repeatIteration" value="0" />
              </properties>
            </test-case>
          </test-suite>
          <test-suite type="TestFixture" id="1028" name="LayeredPlayerArtTests" fullname="Rustline.Tests.LayeredPlayerArtTests" classname="Rustline.Tests.LayeredPlayerArtTests" runstate="Runnable" testcasecount="22" result="Passed" start-time="2026-09-09 19:51:15Z" end-time="2026-09-09 19:51:15Z" duration="0.494497" total="22" passed="22" failed="0" inconclusive="0" skipped="0" asserts="0">
            <properties />
            <test-case id="1045" name="BackpedalClip_PreservesFourAuthoredFramesAtSevenFps" fullname="Rustline.Tests.LayeredPlayerArtTests.BackpedalClip_PreservesFourAuthoredFramesAtSevenFps" methodname="BackpedalClip_PreservesFourAuthoredFramesAtSevenFps" classname="Rustline.Tests.LayeredPlayerArtTests" runstate="Runnable" seed="436766813" result="Passed" start-time="2026-09-09 19:51:15Z" end-time="2026-09-09 19:51:15Z" duration="0.008787" asserts="0">
              <properties>
                <property name="retryIteration" value="0" />
                <property name="repeatIteration" value="0" />
              </properties>
            </test-case>
            <test-case id="1040" name="CrouchClips_UseAuthoredSheetWithStaticIdleAndSevenFpsLoopingMove" fullname="Rustline.Tests.LayeredPlayerArtTests.CrouchClips_UseAuthoredSheetWithStaticIdleAndSevenFpsLoopingMove" methodname="CrouchClips_UseAuthoredSheetWithStaticIdleAndSevenFpsLoopingMove" classname="Rustline.Tests.LayeredPlayerArtTests" runstate="Runnable" seed="1775893964" result="Passed" start-time="2026-09-09 19:51:15Z" end-time="2026-09-09 19:51:15Z" duration="0.007989" asserts="0">
              <properties>
                <property name="retryIteration" value="0" />
                <property name="repeatIteration" value="0" />
              </properties>
            </test-case>
            <test-case id="1041" name="GameplayController_MapsEveryLogicalStateToItsMatchingBodyClip" fullname="Rustline.Tests.LayeredPlayerArtTests.GameplayController_MapsEveryLogicalStateToItsMatchingBodyClip" methodname="GameplayController_MapsEveryLogicalStateToItsMatchingBodyClip" classname="Rustline.Tests.LayeredPlayerArtTests" runstate="Runnable" seed="1319467357" result="Passed" start-time="2026-09-09 19:51:15Z" end-time="2026-09-09 19:51:15Z" duration="0.007713" asserts="0">
              <properties>
                <property name="retryIteration" value="0" />
                <property name="repeatIteration" value="0" />
              </properties>
            </test-case>
            <test-case id="1044" name="JumpClip_PlaysTakeoffOnceThenHoldsFinalFrame" fullname="Rustline.Tests.LayeredPlayerArtTests.JumpClip_PlaysTakeoffOnceThenHoldsFinalFrame" methodname="JumpClip_PlaysTakeoffOnceThenHoldsFinalFrame" classname="Rustline.Tests.LayeredPlayerArtTests" runstate="Runnable" seed="1220771682" result="Passed" start-time="2026-09-09 19:51:15Z" end-time="2026-09-09 19:51:15Z" duration="0.001870" asserts="0">
              <properties>
                <property name="retryIteration" value="0" />
                <property name="repeatIteration" value="0" />
              </properties>
            </test-case>
            <test-case id="1042" name="JumpDustSheet_MatchesCanonicalFullCellImportContract" fullname="Rustline.Tests.LayeredPlayerArtTests.JumpDustSheet_MatchesCanonicalFullCellImportContract" methodname="JumpDustSheet_MatchesCanonicalFullCellImportContract" classname="Rustline.Tests.LayeredPlayerArtTests" runstate="Runnable" seed="1261283106" result="Passed" start-time="2026-09-09 19:51:15Z" end-time="2026-09-09 19:51:15Z" duration="0.021346" asserts="0">
              <properties>
                <property name="retryIteration" value="0" />
                <property name="repeatIteration" value="0" />
              </properties>
            </test-case>
            <test-suite type="ParameterizedMethod" id="1052" name="JumpTakeoffEaseOutCubic_IsDeterministic" fullname="Rustline.Tests.LayeredPlayerArtTests.JumpTakeoffEaseOutCubic_IsDeterministic" classname="Rustline.Tests.LayeredPlayerArtTests" runstate="Runnable" testcasecount="4" result="Passed" start-time="2026-09-09 19:51:15Z" end-time="2026-09-09 19:51:15Z" duration="0.003463" total="4" passed="4" failed="0" inconclusive="0" skipped="0" asserts="0">
              <properties />
              <test-case id="1048" name="JumpTakeoffEaseOutCubic_IsDeterministic(0.0f,0.0f)" fullname="Rustline.Tests.LayeredPlayerArtTests.JumpTakeoffEaseOutCubic_IsDeterministic(0.0f,0.0f)" methodname="JumpTakeoffEaseOutCubic_IsDeterministic" classname="Rustline.Tests.LayeredPlayerArtTests" runstate="Runnable" seed="707850869" result="Passed" start-time="2026-09-09 19:51:15Z" end-time="2026-09-09 19:51:15Z" duration="0.000601" asserts="0">
                <properties>
                  <property name="retryIteration" value="0" />
                  <property name="repeatIteration" value="0" />
                </properties>
              </test-case>
              <test-case id="1049" name="JumpTakeoffEaseOutCubic_IsDeterministic(0.25f,0.578125f)" fullname="Rustline.Tests.LayeredPlayerArtTests.JumpTakeoffEaseOutCubic_IsDeterministic(0.25f,0.578125f)" methodname="JumpTakeoffEaseOutCubic_IsDeterministic" classname="Rustline.Tests.LayeredPlayerArtTests" runstate="Runnable" seed="2137685524" result="Passed" start-time="2026-09-09 19:51:15Z" end-time="2026-09-09 19:51:15Z" duration="0.000192" asserts="0">
                <properties>
                  <property name="retryIteration" value="0" />
                  <property name="repeatIteration" value="0" />
                </properties>
              </test-case>
              <test-case id="1050" name="JumpTakeoffEaseOutCubic_IsDeterministic(0.5f,0.875f)" fullname="Rustline.Tests.LayeredPlayerArtTests.JumpTakeoffEaseOutCubic_IsDeterministic(0.5f,0.875f)" methodname="JumpTakeoffEaseOutCubic_IsDeterministic" classname="Rustline.Tests.LayeredPlayerArtTests" runstate="Runnable" seed="111842378" result="Passed" start-time="2026-09-09 19:51:15Z" end-time="2026-09-09 19:51:15Z" duration="0.000236" asserts="0">
                <properties>
                  <property name="retryIteration" value="0" />
                  <property name="repeatIteration" value="0" />
                </properties>
              </test-case>
              <test-case id="1051" name="JumpTakeoffEaseOutCubic_IsDeterministic(1.0f,1.0f)" fullname="Rustline.Tests.LayeredPlayerArtTests.JumpTakeoffEaseOutCubic_IsDeterministic(1.0f,1.0f)" methodname="JumpTakeoffEaseOutCubic_IsDeterministic" classname="Rustline.Tests.LayeredPlayerArtTests" runstate="Runnable" seed="1486789130" result="Passed" start-time="2026-09-09 19:51:15Z" end-time="2026-09-09 19:51:15Z" duration="0.000200" asserts="0">
                <properties>
                  <property name="retryIteration" value="0" />
                  <property name="repeatIteration" value="0" />
                </properties>
              </test-case>
            </test-suite>
            <test-suite type="ParameterizedMethod" id="1038" name="LayeredSheets_MatchCanonicalImportAndCellContract" fullname="Rustline.Tests.LayeredPlayerArtTests.LayeredSheets_MatchCanonicalImportAndCellContract" classname="Rustline.Tests.LayeredPlayerArtTests" runstate="Runnable" testcasecount="9" result="Passed" start-time="2026-09-09 19:51:15Z" end-time="2026-09-09 19:51:15Z" duration="0.413751" total="9" passed="9" failed="0" inconclusive="0" skipped="0" asserts="0">
              <properties />
              <test-case id="1029" name="LayeredSheets_MatchCanonicalImportAndCellContract(&quot;idle&quot;,2)" fullname="Rustline.Tests.LayeredPlayerArtTests.LayeredSheets_MatchCanonicalImportAndCellContract(&quot;idle&quot;,2)" methodname="LayeredSheets_MatchCanonicalImportAndCellContract" classname="Rustline.Tests.LayeredPlayerArtTests" runstate="Runnable" seed="171894156" result="Passed" start-time="2026-09-09 19:51:15Z" end-time="2026-09-09 19:51:15Z" duration="0.022691" asserts="0">
                <properties>
                  <property name="retryIteration" value="0" />
                  <property name="repeatIteration" value="0" />
                </properties>
              </test-case>
              <test-case id="1030" name="LayeredSheets_MatchCanonicalImportAndCellContract(&quot;run&quot;,6)" fullname="Rustline.Tests.LayeredPlayerArtTests.LayeredSheets_MatchCanonicalImportAndCellContract(&quot;run&quot;,6)" methodname="LayeredSheets_MatchCanonicalImportAndCellContract" classname="Rustline.Tests.LayeredPlayerArtTests" runstate="Runnable" seed="78357045" result="Passed" start-time="2026-09-09 19:51:15Z" end-time="2026-09-09 19:51:15Z" duration="0.065270" asserts="0">
                <properties>
                  <property name="retryIteration" value="0" />
                  <property name="repeatIteration" value="0" />
                </properties>
              </test-case>
              <test-case id="1031" name="LayeredSheets_MatchCanonicalImportAndCellContract(&quot;backpedal&quot;,4)" fullname="Rustline.Tests.LayeredPlayerArtTests.LayeredSheets_MatchCanonicalImportAndCellContract(&quot;backpedal&quot;,4)" methodname="LayeredSheets_MatchCanonicalImportAndCellContract" classname="Rustline.Tests.LayeredPlayerArtTests" runstate="Runnable" seed="1881984889" result="Passed" start-time="2026-09-09 19:51:15Z" end-time="2026-09-09 19:51:15Z" duration="0.040805" asserts="0">
                <properties>
                  <property name="retryIteration" value="0" />
                  <property name="repeatIteration" value="0" />
                </properties>
              </test-case>
              <test-case id="1032" name="LayeredSheets_MatchCanonicalImportAndCellContract(&quot;jump&quot;,3)" fullname="Rustline.Tests.LayeredPlayerArtTests.LayeredSheets_MatchCanonicalImportAndCellContract(&quot;jump&quot;,3)" methodname="LayeredSheets_MatchCanonicalImportAndCellContract" classname="Rustline.Tests.LayeredPlayerArtTests" runstate="Runnable" seed="1685086302" result="Passed" start-time="2026-09-09 19:51:15Z" end-time="2026-09-09 19:51:15Z" duration="0.032484" asserts="0">
                <properties>
                  <property name="retryIteration" value="0" />
                  <property name="repeatIteration" value="0" />
                </properties>
              </test-case>
              <test-case id="1033" name="LayeredSheets_MatchCanonicalImportAndCellContract(&quot;fall&quot;,1)" fullname="Rustline.Tests.LayeredPlayerArtTests.LayeredSheets_MatchCanonicalImportAndCellContract(&quot;fall&quot;,1)" methodname="LayeredSheets_MatchCanonicalImportAndCellContract" classname="Rustline.Tests.LayeredPlayerArtTests" runstate="Runnable" seed="2100191470" result="Passed" start-time="2026-09-09 19:51:15Z" end-time="2026-09-09 19:51:15Z" duration="0.014354" asserts="0">
                <properties>
                  <property name="retryIteration" value="0" />
                  <property name="repeatIteration" value="0" />
                </properties>
              </test-case>
              <test-case id="1034" name="LayeredSheets_MatchCanonicalImportAndCellContract(&quot;land&quot;,2)" fullname="Rustline.Tests.LayeredPlayerArtTests.LayeredSheets_MatchCanonicalImportAndCellContract(&quot;land&quot;,2)" methodname="LayeredSheets_MatchCanonicalImportAndCellContract" classname="Rustline.Tests.LayeredPlayerArtTests" runstate="Runnable" seed="1312646874" result="Passed" start-time="2026-09-09 19:51:15Z" end-time="2026-09-09 19:51:15Z" duration="0.023454" asserts="0">
                <properties>
                  <property name="retryIteration" value="0" />
                  <property name="repeatIteration" value="0" />
                </properties>
              </test-case>
              <test-case id="1035" name="LayeredSheets_MatchCanonicalImportAndCellContract(&quot;crouch&quot;,6)" fullname="Rustline.Tests.LayeredPlayerArtTests.LayeredSheets_MatchCanonicalImportAndCellContract(&quot;crouch&quot;,6)" methodname="LayeredSheets_MatchCanonicalImportAndCellContract" classname="Rustline.Tests.LayeredPlayerArtTests" runstate="Runnable" seed="2022141695" result="Passed" start-time="2026-09-09 19:51:15Z" end-time="2026-09-09 19:51:15Z" duration="0.069470" asserts="0">
                <properties>
                  <property name="retryIteration" value="0" />
                  <property name="repeatIteration" value="0" />
                </properties>
              </test-case>
              <test-case id="1036" name="LayeredSheets_MatchCanonicalImportAndCellContract(&quot;wall_brace&quot;,2)" fullname="Rustline.Tests.LayeredPlayerArtTests.LayeredSheets_MatchCanonicalImportAndCellContract(&quot;wall_brace&quot;,2)" methodname="LayeredSheets_MatchCanonicalImportAndCellContract" classname="Rustline.Tests.LayeredPlayerArtTests" runstate="Runnable" seed="437799381" result="Passed" start-time="2026-09-09 19:51:15Z" end-time="2026-09-09 19:51:15Z" duration="0.055436" asserts="0">
                <properties>
                  <property name="retryIteration" value="0" />
                  <property name="repeatIteration" value="0" />
                </properties>
              </test-case>
              <test-case id="1037" name="LayeredSheets_MatchCanonicalImportAndCellContract(&quot;ledge_climb&quot;,5)" fullname="Rustline.Tests.LayeredPlayerArtTests.LayeredSheets_MatchCanonicalImportAndCellContract(&quot;ledge_climb&quot;,5)" methodname="LayeredSheets_MatchCanonicalImportAndCellContract" classname="Rustline.Tests.LayeredPlayerArtTests" runstate="Runnable" seed="847485274" result="Passed" start-time="2026-09-09 19:51:15Z" end-time="2026-09-09 19:51:15Z" duration="0.081373" asserts="0">
                <properties>
                  <property name="retryIteration" value="0" />
                  <property name="repeatIteration" value="0" />
                </properties>
              </test-case>
            </test-suite>
            <test-case id="1047" name="LedgeClimbClip_PreservesFiveAuthoredFramesAtTenFpsAndHoldsFinalFrame" fullname="Rustline.Tests.LayeredPlayerArtTests.LedgeClimbClip_PreservesFiveAuthoredFramesAtTenFpsAndHoldsFinalFrame" methodname="LedgeClimbClip_PreservesFiveAuthoredFramesAtTenFpsAndHoldsFinalFrame" classname="Rustline.Tests.LayeredPlayerArtTests" runstate="Runnable" seed="1956738431" result="Passed" start-time="2026-09-09 19:51:15Z" end-time="2026-09-09 19:51:15Z" duration="0.001127" asserts="0">
              <properties>
                <property name="retryIteration" value="0" />
                <property name="repeatIteration" value="0" />
              </properties>
            </test-case>
            <test-case id="1043" name="PlayerPrefab_HasAnchoredJumpPresentationAndWorldSpaceDustPrefab" fullname="Rustline.Tests.LayeredPlayerArtTests.PlayerPrefab_HasAnchoredJumpPresentationAndWorldSpaceDustPrefab" methodname="PlayerPrefab_HasAnchoredJumpPresentationAndWorldSpaceDustPrefab" classname="Rustline.Tests.LayeredPlayerArtTests" runstate="Runnable" seed="2082443989" result="Passed" start-time="2026-09-09 19:51:15Z" end-time="2026-09-09 19:51:15Z" duration="0.003114" asserts="0">
              <properties>
                <property name="retryIteration" value="0" />
                <property name="repeatIteration" value="0" />
              </properties>
            </test-case>
            <test-case id="1039" name="PlayerPrefab_HasCompleteOneToOneBodyToArmsMapping" fullname="Rustline.Tests.LayeredPlayerArtTests.PlayerPrefab_HasCompleteOneToOneBodyToArmsMapping" methodname="PlayerPrefab_HasCompleteOneToOneBodyToArmsMapping" classname="Rustline.Tests.LayeredPlayerArtTests" runstate="Runnable" seed="1690072180" result="Passed" start-time="2026-09-09 19:51:15Z" end-time="2026-09-09 19:51:15Z" duration="0.013787" asserts="0">
              <properties>
                <property name="retryIteration" value="0" />
                <property name="repeatIteration" value="0" />
              </properties>
            </test-case>
            <test-case id="1046" name="WallBraceClip_PreservesTwoAuthoredFramesAtSixFpsLooping" fullname="Rustline.Tests.LayeredPlayerArtTests.WallBraceClip_PreservesTwoAuthoredFramesAtSixFpsLooping" methodname="WallBraceClip_PreservesTwoAuthoredFramesAtSixFpsLooping" classname="Rustline.Tests.LayeredPlayerArtTests" runstate="Runnable" seed="1428798861" result="Passed" start-time="2026-09-09 19:51:15Z" end-time="2026-09-09 19:51:15Z" duration="0.001566" asserts="0">
              <properties>
                <property name="retryIteration" value="0" />
                <property name="repeatIteration" value="0" />
              </properties>
            </test-case>
          </test-suite>
          <test-suite type="TestFixture" id="1053" name="LongwatchAimTests" fullname="Rustline.Tests.LongwatchAimTests" classname="Rustline.Tests.LongwatchAimTests" runstate="Runnable" testcasecount="34" result="Passed" start-time="2026-09-09 19:51:15Z" end-time="2026-09-09 19:51:21Z" duration="5.340852" total="34" passed="34" failed="0" inconclusive="0" skipped="0" asserts="0">
            <properties />
            <test-case id="1078" name="AimPoses_RejectInvalidFrameIndices" fullname="Rustline.Tests.LongwatchAimTests.AimPoses_RejectInvalidFrameIndices" methodname="AimPoses_RejectInvalidFrameIndices" classname="Rustline.Tests.LongwatchAimTests" runstate="Runnable" seed="569282129" result="Passed" start-time="2026-09-09 19:51:15Z" end-time="2026-09-09 19:51:15Z" duration="0.006652" asserts="0">
              <properties>
                <property name="retryIteration" value="0" />
                <property name="repeatIteration" value="0" />
              </properties>
            </test-case>
            <test-suite type="ParameterizedMethod" id="1076" name="AimVector_NormalizesToRightAuthoredHemisphere" fullname="Rustline.Tests.LongwatchAimTests.AimVector_NormalizesToRightAuthoredHemisphere" classname="Rustline.Tests.LongwatchAimTests" runstate="Runnable" testcasecount="8" result="Passed" start-time="2026-09-09 19:51:15Z" end-time="2026-09-09 19:51:15Z" duration="0.014964" total="8" passed="8" failed="0" inconclusive="0" skipped="0" asserts="0">
              <properties />
              <test-case id="1068" name="AimVector_NormalizesToRightAuthoredHemisphere(1.0f,0.0f,0,False)" fullname="Rustline.Tests.LongwatchAimTests.AimVector_NormalizesToRightAuthoredHemisphere(1.0f,0.0f,0,False)" methodname="AimVector_NormalizesToRightAuthoredHemisphere" classname="Rustline.Tests.LongwatchAimTests" runstate="Runnable" seed="2097653097" result="Passed" start-time="2026-09-09 19:51:15Z" end-time="2026-09-09 19:51:15Z" duration="0.004128" asserts="0">
                <properties>
                  <property name="retryIteration" value="0" />
                  <property name="repeatIteration" value="0" />
                </properties>
              </test-case>
              <test-case id="1069" name="AimVector_NormalizesToRightAuthoredHemisphere(1.0f,1.0f,50,False)" fullname="Rustline.Tests.LongwatchAimTests.AimVector_NormalizesToRightAuthoredHemisphere(1.0f,1.0f,50,False)" methodname="AimVector_NormalizesToRightAuthoredHemisphere" classname="Rustline.Tests.LongwatchAimTests" runstate="Runnable" seed="492618583" result="Passed" start-time="2026-09-09 19:51:15Z" end-time="2026-09-09 19:51:15Z" duration="0.000443" asserts="0">
                <properties>
                  <property name="retryIteration" value="0" />
                  <property name="repeatIteration" value="0" />
                </properties>
              </test-case>
              <test-case id="1070" name="AimVector_NormalizesToRightAuthoredHemisphere(1.0f,-1.0f,-50,False)" fullname="Rustline.Tests.LongwatchAimTests.AimVector_NormalizesToRightAuthoredHemisphere(1.0f,-1.0f,-50,False)" methodname="AimVector_NormalizesToRightAuthoredHemisphere" classname="Rustline.Tests.LongwatchAimTests" runstate="Runnable" seed="280607758" result="Passed" start-time="2026-09-09 19:51:15Z" end-time="2026-09-09 19:51:15Z" duration="0.000456" asserts="0">
                <properties>
                  <property name="retryIteration" value="0" />
                  <property name="repeatIteration" value="0" />
                </properties>
              </test-case>
              <test-case id="1071" name="AimVector_NormalizesToRightAuthoredHemisphere(-1.0f,0.0f,0,True)" fullname="Rustline.Tests.LongwatchAimTests.AimVector_NormalizesToRightAuthoredHemisphere(-1.0f,0.0f,0,True)" methodname="AimVector_NormalizesToRightAuthoredHemisphere" classname="Rustline.Tests.LongwatchAimTests" runstate="Runnable" seed="2113379141" result="Passed" start-time="2026-09-09 19:51:15Z" end-time="2026-09-09 19:51:15Z" duration="0.000461" asserts="0">
                <properties>
                  <property name="retryIteration" value="0" />
                  <property name="repeatIteration" value="0" />
                </properties>
              </test-case>
              <test-case id="1072" name="AimVector_NormalizesToRightAuthoredHemisphere(-1.0f,1.0f,50,True)" fullname="Rustline.Tests.LongwatchAimTests.AimVector_NormalizesToRightAuthoredHemisphere(-1.0f,1.0f,50,True)" methodname="AimVector_NormalizesToRightAuthoredHemisphere" classname="Rustline.Tests.LongwatchAimTests" runstate="Runnable" seed="858967901" result="Passed" start-time="2026-09-09 19:51:15Z" end-time="2026-09-09 19:51:15Z" duration="0.000435" asserts="0">
                <properties>
                  <property name="retryIteration" value="0" />
                  <property name="repeatIteration" value="0" />
                </properties>
              </test-case>
              <test-case id="1073" name="AimVector_NormalizesToRightAuthoredHemisphere(-1.0f,-1.0f,-50,True)" fullname="Rustline.Tests.LongwatchAimTests.AimVector_NormalizesToRightAuthoredHemisphere(-1.0f,-1.0f,-50,True)" methodname="AimVector_NormalizesToRightAuthoredHemisphere" classname="Rustline.Tests.LongwatchAimTests" runstate="Runnable" seed="1056914256" result="Passed" start-time="2026-09-09 19:51:15Z" end-time="2026-09-09 19:51:15Z" duration="0.000421" asserts="0">
                <properties>
                  <property name="retryIteration" value="0" />
                  <property name="repeatIteration" value="0" />
                </properties>
              </test-case>
              <test-case id="1074" name="AimVector_NormalizesToRightAuthoredHemisphere(0.0f,1.0f,90,False)" fullname="Rustline.Tests.LongwatchAimTests.AimVector_NormalizesToRightAuthoredHemisphere(0.0f,1.0f,90,False)" methodname="AimVector_NormalizesToRightAuthoredHemisphere" classname="Rustline.Tests.LongwatchAimTests" runstate="Runnable" seed="1235072238" result="Passed" start-time="2026-09-09 19:51:15Z" end-time="2026-09-09 19:51:15Z" duration="0.000329" asserts="0">
                <properties>
                  <property name="retryIteration" value="0" />
                  <property name="repeatIteration" value="0" />
                </properties>
              </test-case>
              <test-case id="1075" name="AimVector_NormalizesToRightAuthoredHemisphere(0.0f,-1.0f,-90,False)" fullname="Rustline.Tests.LongwatchAimTests.AimVector_NormalizesToRightAuthoredHemisphere(0.0f,-1.0f,-90,False)" methodname="AimVector_NormalizesToRightAuthoredHemisphere" classname="Rustline.Tests.LongwatchAimTests" runstate="Runnable" seed="1232987304" result="Passed" start-time="2026-09-09 19:51:15Z" end-time="2026-09-09 19:51:15Z" duration="0.000501" asserts="0">
                <properties>
                  <property name="retryIteration" value="0" />
                  <property name="repeatIteration" value="0" />
                </properties>
              </test-case>
            </test-suite>
            <test-case id="1085" name="AllLongwatchBackpedalSheets_MatchAuthoredFourFrameContract" fullname="Rustline.Tests.LongwatchAimTests.AllLongwatchBackpedalSheets_MatchAuthoredFourFrameContract" methodname="AllLongwatchBackpedalSheets_MatchAuthoredFourFrameContract" classname="Rustline.Tests.LongwatchAimTests" runstate="Runnable" seed="1056794864" result="Passed" start-time="2026-09-09 19:51:15Z" end-time="2026-09-09 19:51:17Z" duration="1.252534" asserts="0">
              <properties>
                <property name="retryIteration" value="0" />
                <property name="repeatIteration" value="0" />
              </properties>
            </test-case>
            <test-case id="1086" name="AllLongwatchCrouchSheets_MatchAuthoredSixFrameContract" fullname="Rustline.Tests.LongwatchAimTests.AllLongwatchCrouchSheets_MatchAuthoredSixFrameContract" methodname="AllLongwatchCrouchSheets_MatchAuthoredSixFrameContract" classname="Rustline.Tests.LongwatchAimTests" runstate="Runnable" seed="460240571" result="Passed" start-time="2026-09-09 19:51:17Z" end-time="2026-09-09 19:51:18Z" duration="1.574161" asserts="0">
              <properties>
                <property name="retryIteration" value="0" />
                <property name="repeatIteration" value="0" />
              </properties>
            </test-case>
            <test-case id="1087" name="AllLongwatchFallSheets_MatchAuthoredSingleFrameContract" fullname="Rustline.Tests.LongwatchAimTests.AllLongwatchFallSheets_MatchAuthoredSingleFrameContract" methodname="AllLongwatchFallSheets_MatchAuthoredSingleFrameContract" classname="Rustline.Tests.LongwatchAimTests" runstate="Runnable" seed="937940371" result="Passed" start-time="2026-09-09 19:51:18Z" end-time="2026-09-09 19:51:18Z" duration="0.307479" asserts="0">
              <properties>
                <property name="retryIteration" value="0" />
                <property name="repeatIteration" value="0" />
              </properties>
            </test-case>
            <test-case id="1083" name="AllLongwatchIdleSheets_MatchAuthoredImportContract" fullname="Rustline.Tests.LongwatchAimTests.AllLongwatchIdleSheets_MatchAuthoredImportContract" methodname="AllLongwatchIdleSheets_MatchAuthoredImportContract" classname="Rustline.Tests.LongwatchAimTests" runstate="Runnable" seed="1737591514" result="Passed" start-time="2026-09-09 19:51:18Z" end-time="2026-09-09 19:51:19Z" duration="0.606866" asserts="0">
              <properties>
                <property name="retryIteration" value="0" />
                <property name="repeatIteration" value="0" />
              </properties>
            </test-case>
            <test-case id="1084" name="AllLongwatchRunSheets_MatchAuthoredImportContract" fullname="Rustline.Tests.LongwatchAimTests.AllLongwatchRunSheets_MatchAuthoredImportContract" methodname="AllLongwatchRunSheets_MatchAuthoredImportContract" classname="Rustline.Tests.LongwatchAimTests" runstate="Runnable" seed="1583901929" result="Passed" start-time="2026-09-09 19:51:19Z" end-time="2026-09-09 19:51:21Z" duration="1.541996" asserts="0">
              <properties>
                <property name="retryIteration" value="0" />
                <property name="repeatIteration" value="0" />
              </properties>
            </test-case>
            <test-case id="1077" name="ContinuousAimAngle_RemainsUnquantizedAlongsideVisualPose" fullname="Rustline.Tests.LongwatchAimTests.ContinuousAimAngle_RemainsUnquantizedAlongsideVisualPose" methodname="ContinuousAimAngle_RemainsUnquantizedAlongsideVisualPose" classname="Rustline.Tests.LongwatchAimTests" runstate="Runnable" seed="794327354" result="Passed" start-time="2026-09-09 19:51:21Z" end-time="2026-09-09 19:51:21Z" duration="0.000672" asserts="0">
              <properties>
                <property name="retryIteration" value="0" />
                <property name="repeatIteration" value="0" />
              </properties>
            </test-case>
            <test-suite type="ParameterizedMethod" id="1067" name="NearestTenDegreeSelection_IsDeterministic" fullname="Rustline.Tests.LongwatchAimTests.NearestTenDegreeSelection_IsDeterministic" classname="Rustline.Tests.LongwatchAimTests" runstate="Runnable" testcasecount="13" result="Passed" start-time="2026-09-09 19:51:21Z" end-time="2026-09-09 19:51:21Z" duration="0.007787" total="13" passed="13" failed="0" inconclusive="0" skipped="0" asserts="0">
              <properties />
              <test-case id="1054" name="NearestTenDegreeSelection_IsDeterministic(0.0f,0)" fullname="Rustline.Tests.LongwatchAimTests.NearestTenDegreeSelection_IsDeterministic(0.0f,0)" methodname="NearestTenDegreeSelection_IsDeterministic" classname="Rustline.Tests.LongwatchAimTests" runstate="Runnable" seed="730186622" result="Passed" start-time="2026-09-09 19:51:21Z" end-time="2026-09-09 19:51:21Z" duration="0.000940" asserts="0">
                <properties>
                  <property name="retryIteration" value="0" />
                  <property name="repeatIteration" value="0" />
                </properties>
              </test-case>
              <test-case id="1055" name="NearestTenDegreeSelection_IsDeterministic(4.99f,0)" fullname="Rustline.Tests.LongwatchAimTests.NearestTenDegreeSelection_IsDeterministic(4.99f,0)" methodname="NearestTenDegreeSelection_IsDeterministic" classname="Rustline.Tests.LongwatchAimTests" runstate="Runnable" seed="398204692" result="Passed" start-time="2026-09-09 19:51:21Z" end-time="2026-09-09 19:51:21Z" duration="0.000181" asserts="0">
                <properties>
                  <property name="retryIteration" value="0" />
                  <property name="repeatIteration" value="0" />
                </properties>
              </test-case>
              <test-case id="1056" name="NearestTenDegreeSelection_IsDeterministic(5.0f,10)" fullname="Rustline.Tests.LongwatchAimTests.NearestTenDegreeSelection_IsDeterministic(5.0f,10)" methodname="NearestTenDegreeSelection_IsDeterministic" classname="Rustline.Tests.LongwatchAimTests" runstate="Runnable" seed="1936669183" result="Passed" start-time="2026-09-09 19:51:21Z" end-time="2026-09-09 19:51:21Z" duration="0.000135" asserts="0">
                <properties>
                  <property name="retryIteration" value="0" />
                  <property name="repeatIteration" value="0" />
                </properties>
              </test-case>
              <test-case id="1057" name="NearestTenDegreeSelection_IsDeterministic(44.0f,40)" fullname="Rustline.Tests.LongwatchAimTests.NearestTenDegreeSelection_IsDeterministic(44.0f,40)" methodname="NearestTenDegreeSelection_IsDeterministic" classname="Rustline.Tests.LongwatchAimTests" runstate="Runnable" seed="1625222316" result="Passed" start-time="2026-09-09 19:51:21Z" end-time="2026-09-09 19:51:21Z" duration="0.000143" asserts="0">
                <properties>
                  <property name="retryIteration" value="0" />
                  <property name="repeatIteration" value="0" />
                </properties>
              </test-case>
              <test-case id="1058" name="NearestTenDegreeSelection_IsDeterministic(45.0f,50)" fullname="Rustline.Tests.LongwatchAimTests.NearestTenDegreeSelection_IsDeterministic(45.0f,50)" methodname="NearestTenDegreeSelection_IsDeterministic" classname="Rustline.Tests.LongwatchAimTests" runstate="Runnable" seed="117495921" result="Passed" start-time="2026-09-09 19:51:21Z" end-time="2026-09-09 19:51:21Z" duration="0.000111" asserts="0">
                <properties>
                  <property name="retryIteration" value="0" />
                  <property name="repeatIteration" value="0" />
                </properties>
              </test-case>
              <test-case id="1059" name="NearestTenDegreeSelection_IsDeterministic(89.0f,90)" fullname="Rustline.Tests.LongwatchAimTests.NearestTenDegreeSelection_IsDeterministic(89.0f,90)" methodname="NearestTenDegreeSelection_IsDeterministic" classname="Rustline.Tests.LongwatchAimTests" runstate="Runnable" seed="376669485" result="Passed" start-time="2026-09-09 19:51:21Z" end-time="2026-09-09 19:51:21Z" duration="0.000118" asserts="0">
                <properties>
                  <property name="retryIteration" value="0" />
                  <property name="repeatIteration" value="0" />
                </properties>
              </test-case>
              <test-case id="1060" name="NearestTenDegreeSelection_IsDeterministic(90.0f,90)" fullname="Rustline.Tests.LongwatchAimTests.NearestTenDegreeSelection_IsDeterministic(90.0f,90)" methodname="NearestTenDegreeSelection_IsDeterministic" classname="Rustline.Tests.LongwatchAimTests" runstate="Runnable" seed="62629870" result="Passed" start-time="2026-09-09 19:51:21Z" end-time="2026-09-09 19:51:21Z" duration="0.000103" asserts="0">
                <properties>
                  <property name="retryIteration" value="0" />
                  <property name="repeatIteration" value="0" />
                </properties>
              </test-case>
              <test-case id="1061" name="NearestTenDegreeSelection_IsDeterministic(-4.99f,0)" fullname="Rustline.Tests.LongwatchAimTests.NearestTenDegreeSelection_IsDeterministic(-4.99f,0)" methodname="NearestTenDegreeSelection_IsDeterministic" classname="Rustline.Tests.LongwatchAimTests" runstate="Runnable" seed="678918249" result="Passed" start-time="2026-09-09 19:51:21Z" end-time="2026-09-09 19:51:21Z" duration="0.000104" asserts="0">
                <properties>
                  <property name="retryIteration" value="0" />
                  <property name="repeatIteration" value="0" />
                </properties>
              </test-case>
              <test-case id="1062" name="NearestTenDegreeSelection_IsDeterministic(-5.0f,-10)" fullname="Rustline.Tests.LongwatchAimTests.NearestTenDegreeSelection_IsDeterministic(-5.0f,-10)" methodname="NearestTenDegreeSelection_IsDeterministic" classname="Rustline.Tests.LongwatchAimTests" runstate="Runnable" seed="1944938259" result="Passed" start-time="2026-09-09 19:51:21Z" end-time="2026-09-09 19:51:21Z" duration="0.000104" asserts="0">
                <properties>
                  <property name="retryIteration" value="0" />
                  <property name="repeatIteration" value="0" />
                </properties>
              </test-case>
              <test-case id="1063" name="NearestTenDegreeSelection_IsDeterministic(-44.0f,-40)" fullname="Rustline.Tests.LongwatchAimTests.NearestTenDegreeSelection_IsDeterministic(-44.0f,-40)" methodname="NearestTenDegreeSelection_IsDeterministic" classname="Rustline.Tests.LongwatchAimTests" runstate="Runnable" seed="789798431" result="Passed" start-time="2026-09-09 19:51:21Z" end-time="2026-09-09 19:51:21Z" duration="0.000099" asserts="0">
                <properties>
                  <property name="retryIteration" value="0" />
                  <property name="repeatIteration" value="0" />
                </properties>
              </test-case>
              <test-case id="1064" name="NearestTenDegreeSelection_IsDeterministic(-45.0f,-50)" fullname="Rustline.Tests.LongwatchAimTests.NearestTenDegreeSelection_IsDeterministic(-45.0f,-50)" methodname="NearestTenDegreeSelection_IsDeterministic" classname="Rustline.Tests.LongwatchAimTests" runstate="Runnable" seed="73096801" result="Passed" start-time="2026-09-09 19:51:21Z" end-time="2026-09-09 19:51:21Z" duration="0.000096" asserts="0">
                <properties>
                  <property name="retryIteration" value="0" />
                  <property name="repeatIteration" value="0" />
                </properties>
              </test-case>
              <test-case id="1065" name="NearestTenDegreeSelection_IsDeterministic(-89.0f,-90)" fullname="Rustline.Tests.LongwatchAimTests.NearestTenDegreeSelection_IsDeterministic(-89.0f,-90)" methodname="NearestTenDegreeSelection_IsDeterministic" classname="Rustline.Tests.LongwatchAimTests" runstate="Runnable" seed="293707524" result="Passed" start-time="2026-09-09 19:51:21Z" end-time="2026-09-09 19:51:21Z" duration="0.000129" asserts="0">
                <properties>
                  <property name="retryIteration" value="0" />
                  <property name="repeatIteration" value="0" />
                </properties>
              </test-case>
              <test-case id="1066" name="NearestTenDegreeSelection_IsDeterministic(-90.0f,-90)" fullname="Rustline.Tests.LongwatchAimTests.NearestTenDegreeSelection_IsDeterministic(-90.0f,-90)" methodname="NearestTenDegreeSelection_IsDeterministic" classname="Rustline.Tests.LongwatchAimTests" runstate="Runnable" seed="1717908267" result="Passed" start-time="2026-09-09 19:51:21Z" end-time="2026-09-09 19:51:21Z" duration="0.000102" asserts="0">
                <properties>
                  <property name="retryIteration" value="0" />
                  <property name="repeatIteration" value="0" />
                </properties>
              </test-case>
            </test-suite>
            <test-case id="1082" name="PhysicalPointerMapping_AccountsForMarginsWithoutClamping" fullname="Rustline.Tests.LongwatchAimTests.PhysicalPointerMapping_AccountsForMarginsWithoutClamping" methodname="PhysicalPointerMapping_AccountsForMarginsWithoutClamping" classname="Rustline.Tests.LongwatchAimTests" runstate="Runnable" seed="1877590829" result="Passed" start-time="2026-09-09 19:51:21Z" end-time="2026-09-09 19:51:21Z" duration="0.001248" asserts="0">
              <properties>
                <property name="retryIteration" value="0" />
                <property name="repeatIteration" value="0" />
              </properties>
            </test-case>
            <test-case id="1081" name="PhysicalPointerMapping_HandlesOneAndTwoTimesScale" fullname="Rustline.Tests.LongwatchAimTests.PhysicalPointerMapping_HandlesOneAndTwoTimesScale" methodname="PhysicalPointerMapping_HandlesOneAndTwoTimesScale" classname="Rustline.Tests.LongwatchAimTests" runstate="Runnable" seed="1511964023" result="Passed" start-time="2026-09-09 19:51:21Z" end-time="2026-09-09 19:51:21Z" duration="0.000538" asserts="0">
              <properties>
                <property name="retryIteration" value="0" />
                <property name="repeatIteration" value="0" />
              </properties>
            </test-case>
            <test-case id="1089" name="PlayerInput_UsesPointerPositionPassThroughAction" fullname="Rustline.Tests.LongwatchAimTests.PlayerInput_UsesPointerPositionPassThroughAction" methodname="PlayerInput_UsesPointerPositionPassThroughAction" classname="Rustline.Tests.LongwatchAimTests" runstate="Runnable" seed="528861112" result="Passed" start-time="2026-09-09 19:51:21Z" end-time="2026-09-09 19:51:21Z" duration="0.004304" asserts="0">
              <properties>
                <property name="retryIteration" value="0" />
                <property name="repeatIteration" value="0" />
              </properties>
            </test-case>
            <test-case id="1088" name="PlayerPrefab_ContainsCompleteLongwatchPoseMapping" fullname="Rustline.Tests.LongwatchAimTests.PlayerPrefab_ContainsCompleteLongwatchPoseMapping" methodname="PlayerPrefab_ContainsCompleteLongwatchPoseMapping" classname="Rustline.Tests.LongwatchAimTests" runstate="Runnable" seed="858091582" result="Passed" start-time="2026-09-09 19:51:21Z" end-time="2026-09-09 19:51:21Z" duration="0.007965" asserts="0">
              <properties>
                <property name="retryIteration" value="0" />
                <property name="repeatIteration" value="0" />
              </properties>
            </test-case>
            <test-case id="1080" name="VisualSelection_UsesAuthoritativeGenericFacing" fullname="Rustline.Tests.LongwatchAimTests.VisualSelection_UsesAuthoritativeGenericFacing" methodname="VisualSelection_UsesAuthoritativeGenericFacing" classname="Rustline.Tests.LongwatchAimTests" runstate="Runnable" seed="165921836" result="Passed" start-time="2026-09-09 19:51:21Z" end-time="2026-09-09 19:51:21Z" duration="0.000496" asserts="0">
              <properties>
                <property name="retryIteration" value="0" />
                <property name="repeatIteration" value="0" />
              </properties>
            </test-case>
            <test-case id="1079" name="ZeroLengthAim_RetainsPriorValidSelection" fullname="Rustline.Tests.LongwatchAimTests.ZeroLengthAim_RetainsPriorValidSelection" methodname="ZeroLengthAim_RetainsPriorValidSelection" classname="Rustline.Tests.LongwatchAimTests" runstate="Runnable" seed="661426314" result="Passed" start-time="2026-09-09 19:51:21Z" end-time="2026-09-09 19:51:21Z" duration="0.000423" asserts="0">
              <properties>
                <property name="retryIteration" value="0" />
                <property name="repeatIteration" value="0" />
              </properties>
            </test-case>
          </test-suite>
          <test-suite type="TestFixture" id="1090" name="LongwatchMuzzleFlashTests" fullname="Rustline.Tests.LongwatchMuzzleFlashTests" classname="Rustline.Tests.LongwatchMuzzleFlashTests" runstate="Runnable" testcasecount="5" result="Passed" start-time="2026-09-09 19:51:21Z" end-time="2026-09-09 19:51:21Z" duration="0.025476" total="5" passed="5" failed="0" inconclusive="0" skipped="0" asserts="0">
            <properties />
            <test-case id="1091" name="MuzzleFlashSheet_MatchesExactImportAndPaletteContract" fullname="Rustline.Tests.LongwatchMuzzleFlashTests.MuzzleFlashSheet_MatchesExactImportAndPaletteContract" methodname="MuzzleFlashSheet_MatchesExactImportAndPaletteContract" classname="Rustline.Tests.LongwatchMuzzleFlashTests" runstate="Runnable" seed="1882493643" result="Passed" start-time="2026-09-09 19:51:21Z" end-time="2026-09-09 19:51:21Z" duration="0.009095" asserts="0">
              <properties>
                <property name="retryIteration" value="0" />
                <property name="repeatIteration" value="0" />
              </properties>
            </test-case>
            <test-case id="1094" name="PositionRotationAndVariants_FollowAuthoredPoseContract" fullname="Rustline.Tests.LongwatchMuzzleFlashTests.PositionRotationAndVariants_FollowAuthoredPoseContract" methodname="PositionRotationAndVariants_FollowAuthoredPoseContract" classname="Rustline.Tests.LongwatchMuzzleFlashTests" runstate="Runnable" seed="1346618945" result="Passed" start-time="2026-09-09 19:51:21Z" end-time="2026-09-09 19:51:21Z" duration="0.003537" asserts="0">
              <properties>
                <property name="retryIteration" value="0" />
                <property name="repeatIteration" value="0" />
              </properties>
            </test-case>
            <test-case id="1093" name="RenderedPoseResolver_UsesDisplayedBodyFrameAuthoredAngleAndFacing" fullname="Rustline.Tests.LongwatchMuzzleFlashTests.RenderedPoseResolver_UsesDisplayedBodyFrameAuthoredAngleAndFacing" methodname="RenderedPoseResolver_UsesDisplayedBodyFrameAuthoredAngleAndFacing" classname="Rustline.Tests.LongwatchMuzzleFlashTests" runstate="Runnable" seed="404401623" result="Passed" start-time="2026-09-09 19:51:21Z" end-time="2026-09-09 19:51:21Z" duration="0.007442" asserts="0">
              <properties>
                <property name="retryIteration" value="0" />
                <property name="repeatIteration" value="0" />
              </properties>
            </test-case>
            <test-case id="1092" name="RuntimeMetadata_ContainsExactGeneratedPointsAndUnsupportedCrouchSector" fullname="Rustline.Tests.LongwatchMuzzleFlashTests.RuntimeMetadata_ContainsExactGeneratedPointsAndUnsupportedCrouchSector" methodname="RuntimeMetadata_ContainsExactGeneratedPointsAndUnsupportedCrouchSector" classname="Rustline.Tests.LongwatchMuzzleFlashTests" runstate="Runnable" seed="1489810915" result="Passed" start-time="2026-09-09 19:51:21Z" end-time="2026-09-09 19:51:21Z" duration="0.002265" asserts="0">
              <properties>
                <property name="retryIteration" value="0" />
                <property name="repeatIteration" value="0" />
              </properties>
            </test-case>
            <test-case id="1095" name="UnsupportedCrouchPose_FailsWithoutFabricatingFlashTransform" fullname="Rustline.Tests.LongwatchMuzzleFlashTests.UnsupportedCrouchPose_FailsWithoutFabricatingFlashTransform" methodname="UnsupportedCrouchPose_FailsWithoutFabricatingFlashTransform" classname="Rustline.Tests.LongwatchMuzzleFlashTests" runstate="Runnable" seed="1778055090" result="Passed" start-time="2026-09-09 19:51:21Z" end-time="2026-09-09 19:51:21Z" duration="0.000608" asserts="0">
              <properties>
                <property name="retryIteration" value="0" />
                <property name="repeatIteration" value="0" />
              </properties>
            </test-case>
          </test-suite>
          <test-suite type="TestFixture" id="1096" name="NativePixelViewportMathTests" fullname="Rustline.Tests.NativePixelViewportMathTests" classname="Rustline.Tests.NativePixelViewportMathTests" runstate="Runnable" testcasecount="15" result="Passed" start-time="2026-09-09 19:51:21Z" end-time="2026-09-09 19:51:21Z" duration="0.021697" total="15" passed="15" failed="0" inconclusive="0" skipped="0" asserts="0">
            <properties />
            <test-case id="1112" name="PresentationConstants_PreserveApprovedPixelGeometry" fullname="Rustline.Tests.NativePixelViewportMathTests.PresentationConstants_PreserveApprovedPixelGeometry" methodname="PresentationConstants_PreserveApprovedPixelGeometry" classname="Rustline.Tests.NativePixelViewportMathTests" runstate="Runnable" seed="867263708" result="Passed" start-time="2026-09-09 19:51:21Z" end-time="2026-09-09 19:51:21Z" duration="0.000917" asserts="0">
              <properties>
                <property name="retryIteration" value="0" />
                <property name="repeatIteration" value="0" />
              </properties>
            </test-case>
            <test-suite type="ParameterizedMethod" id="1104" name="ReferenceCase_MatchesSpecification" fullname="Rustline.Tests.NativePixelViewportMathTests.ReferenceCase_MatchesSpecification" classname="Rustline.Tests.NativePixelViewportMathTests" runstate="Runnable" testcasecount="7" result="Passed" start-time="2026-09-09 19:51:21Z" end-time="2026-09-09 19:51:21Z" duration="0.010810" total="7" passed="7" failed="0" inconclusive="0" skipped="0" asserts="0">
              <properties />
              <test-case id="1097" name="ReferenceCase_MatchesSpecification(128,128,1,128,128,128,128,0,0)" fullname="Rustline.Tests.NativePixelViewportMathTests.ReferenceCase_MatchesSpecification(128,128,1,128,128,128,128,0,0)" methodname="ReferenceCase_MatchesSpecification" classname="Rustline.Tests.NativePixelViewportMathTests" runstate="Runnable" seed="365631355" result="Passed" start-time="2026-09-09 19:51:21Z" end-time="2026-09-09 19:51:21Z" duration="0.002824" asserts="0">
                <properties>
                  <property name="retryIteration" value="0" />
                  <property name="repeatIteration" value="0" />
                </properties>
              </test-case>
              <test-case id="1098" name="ReferenceCase_MatchesSpecification(800,600,1,800,600,800,600,0,0)" fullname="Rustline.Tests.NativePixelViewportMathTests.ReferenceCase_MatchesSpecification(800,600,1,800,600,800,600,0,0)" methodname="ReferenceCase_MatchesSpecification" classname="Rustline.Tests.NativePixelViewportMathTests" runstate="Runnable" seed="1178085161" result="Passed" start-time="2026-09-09 19:51:21Z" end-time="2026-09-09 19:51:21Z" duration="0.000508" asserts="0">
                <properties>
                  <property name="retryIteration" value="0" />
                  <property name="repeatIteration" value="0" />
                </properties>
              </test-case>
              <test-case id="1099" name="ReferenceCase_MatchesSpecification(1086,420,1,1072,420,1072,420,7,0)" fullname="Rustline.Tests.NativePixelViewportMathTests.ReferenceCase_MatchesSpecification(1086,420,1,1072,420,1072,420,7,0)" methodname="ReferenceCase_MatchesSpecification" classname="Rustline.Tests.NativePixelViewportMathTests" runstate="Runnable" seed="1665111323" result="Passed" start-time="2026-09-09 19:51:21Z" end-time="2026-09-09 19:51:21Z" duration="0.000395" asserts="0">
                <properties>
                  <property name="retryIteration" value="0" />
                  <property name="repeatIteration" value="0" />
                </properties>
              </test-case>
              <test-case id="1100" name="ReferenceCase_MatchesSpecification(1920,1080,1,1072,1072,1072,1072,424,4)" fullname="Rustline.Tests.NativePixelViewportMathTests.ReferenceCase_MatchesSpecification(1920,1080,1,1072,1072,1072,1072,424,4)" methodname="ReferenceCase_MatchesSpecification" classname="Rustline.Tests.NativePixelViewportMathTests" runstate="Runnable" seed="444662762" result="Passed" start-time="2026-09-09 19:51:21Z" end-time="2026-09-09 19:51:21Z" duration="0.000352" asserts="0">
                <properties>
                  <property name="retryIteration" value="0" />
                  <property name="repeatIteration" value="0" />
                </properties>
              </test-case>
              <test-case id="1101" name="ReferenceCase_MatchesSpecification(2560,1440,1,1072,1072,1072,1072,744,184)" fullname="Rustline.Tests.NativePixelViewportMathTests.ReferenceCase_MatchesSpecification(2560,1440,1,1072,1072,1072,1072,744,184)" methodname="ReferenceCase_MatchesSpecification" classname="Rustline.Tests.NativePixelViewportMathTests" runstate="Runnable" seed="817796517" result="Passed" start-time="2026-09-09 19:51:21Z" end-time="2026-09-09 19:51:21Z" duration="0.000357" asserts="0">
                <properties>
                  <property name="retryIteration" value="0" />
                  <property name="repeatIteration" value="0" />
                </properties>
              </test-case>
              <test-case id="1102" name="ReferenceCase_MatchesSpecification(3840,2160,2,1072,1072,2144,2144,848,8)" fullname="Rustline.Tests.NativePixelViewportMathTests.ReferenceCase_MatchesSpecification(3840,2160,2,1072,1072,2144,2144,848,8)" methodname="ReferenceCase_MatchesSpecification" classname="Rustline.Tests.NativePixelViewportMathTests" runstate="Runnable" seed="1494311212" result="Passed" start-time="2026-09-09 19:51:21Z" end-time="2026-09-09 19:51:21Z" duration="0.000347" asserts="0">
                <properties>
                  <property name="retryIteration" value="0" />
                  <property name="repeatIteration" value="0" />
                </properties>
              </test-case>
              <test-case id="1103" name="ReferenceCase_MatchesSpecification(5760,3240,3,1072,1072,3216,3216,1272,12)" fullname="Rustline.Tests.NativePixelViewportMathTests.ReferenceCase_MatchesSpecification(5760,3240,3,1072,1072,3216,3216,1272,12)" methodname="ReferenceCase_MatchesSpecification" classname="Rustline.Tests.NativePixelViewportMathTests" runstate="Runnable" seed="352446027" result="Passed" start-time="2026-09-09 19:51:21Z" end-time="2026-09-09 19:51:21Z" duration="0.000387" asserts="0">
                <properties>
                  <property name="retryIteration" value="0" />
                  <property name="repeatIteration" value="0" />
                </properties>
              </test-case>
            </test-suite>
            <test-case id="1113" name="UniversalRpAsset_PrunesUnusedThreeDimensionalCapabilities" fullname="Rustline.Tests.NativePixelViewportMathTests.UniversalRpAsset_PrunesUnusedThreeDimensionalCapabilities" methodname="UniversalRpAsset_PrunesUnusedThreeDimensionalCapabilities" classname="Rustline.Tests.NativePixelViewportMathTests" runstate="Runnable" seed="1041815385" result="Passed" start-time="2026-09-09 19:51:21Z" end-time="2026-09-09 19:51:21Z" duration="0.001122" asserts="0">
              <properties>
                <property name="retryIteration" value="0" />
                <property name="repeatIteration" value="0" />
              </properties>
            </test-case>
            <test-suite type="ParameterizedMethod" id="1111" name="ValidPhysicalSize_AlwaysSatisfiesNativePixelInvariants" fullname="Rustline.Tests.NativePixelViewportMathTests.ValidPhysicalSize_AlwaysSatisfiesNativePixelInvariants" classname="Rustline.Tests.NativePixelViewportMathTests" runstate="Runnable" testcasecount="6" result="Passed" start-time="2026-09-09 19:51:21Z" end-time="2026-09-09 19:51:21Z" duration="0.003719" total="6" passed="6" failed="0" inconclusive="0" skipped="0" asserts="0">
              <properties />
              <test-case id="1105" name="ValidPhysicalSize_AlwaysSatisfiesNativePixelInvariants(1,1)" fullname="Rustline.Tests.NativePixelViewportMathTests.ValidPhysicalSize_AlwaysSatisfiesNativePixelInvariants(1,1)" methodname="ValidPhysicalSize_AlwaysSatisfiesNativePixelInvariants" classname="Rustline.Tests.NativePixelViewportMathTests" runstate="Runnable" seed="1899475170" result="Passed" start-time="2026-09-09 19:51:21Z" end-time="2026-09-09 19:51:21Z" duration="0.001250" asserts="0">
                <properties>
                  <property name="retryIteration" value="0" />
                  <property name="repeatIteration" value="0" />
                </properties>
              </test-case>
              <test-case id="1106" name="ValidPhysicalSize_AlwaysSatisfiesNativePixelInvariants(127,2048)" fullname="Rustline.Tests.NativePixelViewportMathTests.ValidPhysicalSize_AlwaysSatisfiesNativePixelInvariants(127,2048)" methodname="ValidPhysicalSize_AlwaysSatisfiesNativePixelInvariants" classname="Rustline.Tests.NativePixelViewportMathTests" runstate="Runnable" seed="232834234" result="Passed" start-time="2026-09-09 19:51:21Z" end-time="2026-09-09 19:51:21Z" duration="0.000157" asserts="0">
                <properties>
                  <property name="retryIteration" value="0" />
                  <property name="repeatIteration" value="0" />
                </properties>
              </test-case>
              <test-case id="1107" name="ValidPhysicalSize_AlwaysSatisfiesNativePixelInvariants(1071,1073)" fullname="Rustline.Tests.NativePixelViewportMathTests.ValidPhysicalSize_AlwaysSatisfiesNativePixelInvariants(1071,1073)" methodname="ValidPhysicalSize_AlwaysSatisfiesNativePixelInvariants" classname="Rustline.Tests.NativePixelViewportMathTests" runstate="Runnable" seed="870089444" result="Passed" start-time="2026-09-09 19:51:21Z" end-time="2026-09-09 19:51:21Z" duration="0.000137" asserts="0">
                <properties>
                  <property name="retryIteration" value="0" />
                  <property name="repeatIteration" value="0" />
                </properties>
              </test-case>
              <test-case id="1108" name="ValidPhysicalSize_AlwaysSatisfiesNativePixelInvariants(2143,2144)" fullname="Rustline.Tests.NativePixelViewportMathTests.ValidPhysicalSize_AlwaysSatisfiesNativePixelInvariants(2143,2144)" methodname="ValidPhysicalSize_AlwaysSatisfiesNativePixelInvariants" classname="Rustline.Tests.NativePixelViewportMathTests" runstate="Runnable" seed="1349389226" result="Passed" start-time="2026-09-09 19:51:21Z" end-time="2026-09-09 19:51:21Z" duration="0.000130" asserts="0">
                <properties>
                  <property name="retryIteration" value="0" />
                  <property name="repeatIteration" value="0" />
                </properties>
              </test-case>
              <test-case id="1109" name="ValidPhysicalSize_AlwaysSatisfiesNativePixelInvariants(3217,8192)" fullname="Rustline.Tests.NativePixelViewportMathTests.ValidPhysicalSize_AlwaysSatisfiesNativePixelInvariants(3217,8192)" methodname="ValidPhysicalSize_AlwaysSatisfiesNativePixelInvariants" classname="Rustline.Tests.NativePixelViewportMathTests" runstate="Runnable" seed="1465466145" result="Passed" start-time="2026-09-09 19:51:21Z" end-time="2026-09-09 19:51:21Z" duration="0.000128" asserts="0">
                <properties>
                  <property name="retryIteration" value="0" />
                  <property name="repeatIteration" value="0" />
                </properties>
              </test-case>
              <test-case id="1110" name="ValidPhysicalSize_AlwaysSatisfiesNativePixelInvariants(16384,9000)" fullname="Rustline.Tests.NativePixelViewportMathTests.ValidPhysicalSize_AlwaysSatisfiesNativePixelInvariants(16384,9000)" methodname="ValidPhysicalSize_AlwaysSatisfiesNativePixelInvariants" classname="Rustline.Tests.NativePixelViewportMathTests" runstate="Runnable" seed="791535260" result="Passed" start-time="2026-09-09 19:51:21Z" end-time="2026-09-09 19:51:21Z" duration="0.000178" asserts="0">
                <properties>
                  <property name="retryIteration" value="0" />
                  <property name="repeatIteration" value="0" />
                </properties>
              </test-case>
            </test-suite>
          </test-suite>
          <test-suite type="TestFixture" id="1114" name="PlayerAimTests" fullname="Rustline.Tests.PlayerAimTests" classname="Rustline.Tests.PlayerAimTests" runstate="Runnable" testcasecount="22" result="Passed" start-time="2026-09-09 19:51:21Z" end-time="2026-09-09 19:51:21Z" duration="0.019279" total="22" passed="22" failed="0" inconclusive="0" skipped="0" asserts="0">
            <properties />
            <test-case id="1137" name="AimOriginContract_IsExactlyThirtyEightSourcePixels" fullname="Rustline.Tests.PlayerAimTests.AimOriginContract_IsExactlyThirtyEightSourcePixels" methodname="AimOriginContract_IsExactlyThirtyEightSourcePixels" classname="Rustline.Tests.PlayerAimTests" runstate="Runnable" seed="616637259" result="Passed" start-time="2026-09-09 19:51:21Z" end-time="2026-09-09 19:51:21Z" duration="0.000961" asserts="0">
              <properties>
                <property name="retryIteration" value="0" />
                <property name="repeatIteration" value="0" />
              </properties>
            </test-case>
            <test-case id="1136" name="AimRevision_ChangesOnlyWhenResolvedAimStateChanges" fullname="Rustline.Tests.PlayerAimTests.AimRevision_ChangesOnlyWhenResolvedAimStateChanges" methodname="AimRevision_ChangesOnlyWhenResolvedAimStateChanges" classname="Rustline.Tests.PlayerAimTests" runstate="Runnable" seed="288802258" result="Passed" start-time="2026-09-09 19:51:21Z" end-time="2026-09-09 19:51:21Z" duration="0.001604" asserts="0">
              <properties>
                <property name="retryIteration" value="0" />
                <property name="repeatIteration" value="0" />
              </properties>
            </test-case>
            <test-case id="1135" name="ComponentInvalidAim_RetainsLastContinuousState" fullname="Rustline.Tests.PlayerAimTests.ComponentInvalidAim_RetainsLastContinuousState" methodname="ComponentInvalidAim_RetainsLastContinuousState" classname="Rustline.Tests.PlayerAimTests" runstate="Runnable" seed="22077148" result="Passed" start-time="2026-09-09 19:51:21Z" end-time="2026-09-09 19:51:21Z" duration="0.000602" asserts="0">
              <properties>
                <property name="retryIteration" value="0" />
                <property name="repeatIteration" value="0" />
              </properties>
            </test-case>
            <test-case id="1133" name="InvalidAim_RetainsFacingAndDoesNotInventDirection" fullname="Rustline.Tests.PlayerAimTests.InvalidAim_RetainsFacingAndDoesNotInventDirection" methodname="InvalidAim_RetainsFacingAndDoesNotInventDirection" classname="Rustline.Tests.PlayerAimTests" runstate="Runnable" seed="681372778" result="Passed" start-time="2026-09-09 19:51:21Z" end-time="2026-09-09 19:51:21Z" duration="0.000315" asserts="0">
              <properties>
                <property name="retryIteration" value="0" />
                <property name="repeatIteration" value="0" />
              </properties>
            </test-case>
[...]
              <properties>
                <property name="retryIteration" value="0" />
                <property name="repeatIteration" value="0" />
              </properties>
            </test-case>
            <test-case id="1234" name="ReportGeneration_HandlesMissingCustomMarkerExplicitly" fullname="Rustline.Tests.RustlineEditorSpikeAnalyzerTests.ReportGeneration_HandlesMissingCustomMarkerExplicitly" methodname="ReportGeneration_HandlesMissingCustomMarkerExplicitly" classname="Rustline.Tests.RustlineEditorSpikeAnalyzerTests" runstate="Runnable" seed="2040724136" result="Passed" start-time="2026-09-09 19:51:21Z" end-time="2026-09-09 19:51:21Z" duration="0.015951" asserts="0">
              <properties>
                <property name="retryIteration" value="0" />
                <property name="repeatIteration" value="0" />
              </properties>
            </test-case>
            <test-case id="1230" name="SemaphoreWait_IsGenericSynchronizationAndNeverPresentEvidence" fullname="Rustline.Tests.RustlineEditorSpikeAnalyzerTests.SemaphoreWait_IsGenericSynchronizationAndNeverPresentEvidence" methodname="SemaphoreWait_IsGenericSynchronizationAndNeverPresentEvidence" classname="Rustline.Tests.RustlineEditorSpikeAnalyzerTests" runstate="Runnable" seed="659573621" result="Passed" start-time="2026-09-09 19:51:21Z" end-time="2026-09-09 19:51:21Z" duration="0.000585" asserts="0">
              <properties>
                <property name="retryIteration" value="0" />
                <property name="repeatIteration" value="0" />
              </properties>
            </test-case>
          </test-suite>
          <test-suite type="TestFixture" id="1235" name="RustlinePaletteTests" fullname="Rustline.Tests.RustlinePaletteTests" classname="Rustline.Tests.RustlinePaletteTests" runstate="Runnable" testcasecount="8" result="Passed" start-time="2026-09-09 19:51:21Z" end-time="2026-09-09 19:51:21Z" duration="0.085163" total="8" passed="8" failed="0" inconclusive="0" skipped="0" asserts="0">
            <properties />
            <test-case id="1236" name="CanonicalPalette_ContainsExactlyTwentyEightUniqueColors" fullname="Rustline.Tests.RustlinePaletteTests.CanonicalPalette_ContainsExactlyTwentyEightUniqueColors" methodname="CanonicalPalette_ContainsExactlyTwentyEightUniqueColors" classname="Rustline.Tests.RustlinePaletteTests" runstate="Runnable" seed="752704850" result="Passed" start-time="2026-09-09 19:51:21Z" end-time="2026-09-09 19:51:21Z" duration="0.002598" asserts="0">
              <properties>
                <property name="retryIteration" value="0" />
                <property name="repeatIteration" value="0" />
              </properties>
            </test-case>
            <test-case id="1241" name="DarknessLookup_CanonicalInputsMatchExistingMappingExactly" fullname="Rustline.Tests.RustlinePaletteTests.DarknessLookup_CanonicalInputsMatchExistingMappingExactly" methodname="DarknessLookup_CanonicalInputsMatchExistingMappingExactly" classname="Rustline.Tests.RustlinePaletteTests" runstate="Runnable" seed="571017694" result="Passed" start-time="2026-09-09 19:51:21Z" end-time="2026-09-09 19:51:21Z" duration="0.001863" asserts="0">
              <properties>
                <property name="retryIteration" value="0" />
                <property name="repeatIteration" value="0" />
              </properties>
            </test-case>
            <test-case id="1242" name="DarknessLookup_ContainsOnlyCanonicalColorsAndFinalLevelIsDeepSpace" fullname="Rustline.Tests.RustlinePaletteTests.DarknessLookup_ContainsOnlyCanonicalColorsAndFinalLevelIsDeepSpace" methodname="DarknessLookup_ContainsOnlyCanonicalColorsAndFinalLevelIsDeepSpace" classname="Rustline.Tests.RustlinePaletteTests" runstate="Runnable" seed="1315229114" result="Passed" start-time="2026-09-09 19:51:21Z" end-time="2026-09-09 19:51:21Z" duration="0.017958" asserts="0">
              <properties>
                <property name="retryIteration" value="0" />
                <property name="repeatIteration" value="0" />
              </properties>
            </test-case>
            <test-case id="1243" name="DarknessLookup_HasExpectedLayoutAndMemoryCost" fullname="Rustline.Tests.RustlinePaletteTests.DarknessLookup_HasExpectedLayoutAndMemoryCost" methodname="DarknessLookup_HasExpectedLayoutAndMemoryCost" classname="Rustline.Tests.RustlinePaletteTests" runstate="Runnable" seed="449483386" result="Passed" start-time="2026-09-09 19:51:21Z" end-time="2026-09-09 19:51:21Z" duration="0.000890" asserts="0">
              <properties>
                <property name="retryIteration" value="0" />
                <property name="repeatIteration" value="0" />
              </properties>
            </test-case>
            <test-case id="1238" name="DarknessLut_HasIdentityAndDeepSpaceEndpoints" fullname="Rustline.Tests.RustlinePaletteTests.DarknessLut_HasIdentityAndDeepSpaceEndpoints" methodname="DarknessLut_HasIdentityAndDeepSpaceEndpoints" classname="Rustline.Tests.RustlinePaletteTests" runstate="Runnable" seed="1006917476" result="Passed" start-time="2026-09-09 19:51:21Z" end-time="2026-09-09 19:51:21Z" duration="0.002921" asserts="0">
              <properties>
                <property name="retryIteration" value="0" />
                <property name="repeatIteration" value="0" />
              </properties>
            </test-case>
            <test-case id="1237" name="DarknessLut_UsesOnlyCanonicalColors" fullname="Rustline.Tests.RustlinePaletteTests.DarknessLut_UsesOnlyCanonicalColors" methodname="DarknessLut_UsesOnlyCanonicalColors" classname="Rustline.Tests.RustlinePaletteTests" runstate="Runnable" seed="332396532" result="Passed" start-time="2026-09-09 19:51:21Z" end-time="2026-09-09 19:51:21Z" duration="0.000780" asserts="0">
              <properties>
                <property name="retryIteration" value="0" />
                <property name="repeatIteration" value="0" />
              </properties>
            </test-case>
            <test-case id="1239" name="DeepSpace_RemainsDeepSpaceAtEveryLevel" fullname="Rustline.Tests.RustlinePaletteTests.DeepSpace_RemainsDeepSpaceAtEveryLevel" methodname="DeepSpace_RemainsDeepSpaceAtEveryLevel" classname="Rustline.Tests.RustlinePaletteTests" runstate="Runnable" seed="1175535942" result="Passed" start-time="2026-09-09 19:51:21Z" end-time="2026-09-09 19:51:21Z" duration="0.000368" asserts="0">
              <properties>
                <property name="retryIteration" value="0" />
                <property name="repeatIteration" value="0" />
              </properties>
            </test-case>
            <test-case id="1240" name="QuantizedLinearCells_AreDistinctForEveryCanonicalColor" fullname="Rustline.Tests.RustlinePaletteTests.QuantizedLinearCells_AreDistinctForEveryCanonicalColor" methodname="QuantizedLinearCells_AreDistinctForEveryCanonicalColor" classname="Rustline.Tests.RustlinePaletteTests" runstate="Runnable" seed="483523251" result="Passed" start-time="2026-09-09 19:51:21Z" end-time="2026-09-09 19:51:21Z" duration="0.000940" asserts="0">
              <properties>
                <property name="retryIteration" value="0" />
                <property name="repeatIteration" value="0" />
              </properties>
            </test-case>
          </test-suite>
          <test-suite type="TestFixture" id="1244" name="WeaponGameplayTests" fullname="Rustline.Tests.WeaponGameplayTests" classname="Rustline.Tests.WeaponGameplayTests" runstate="Runnable" testcasecount="16" result="Passed" start-time="2026-09-09 19:51:21Z" end-time="2026-09-09 19:51:21Z" duration="0.014000" total="16" passed="16" failed="0" inconclusive="0" skipped="0" asserts="0">
            <properties />
            <test-case id="1260" name="Cooldown_FiresImmediatelyBlocksThenBecomesReadyWithoutBuffering" fullname="Rustline.Tests.WeaponGameplayTests.Cooldown_FiresImmediatelyBlocksThenBecomesReadyWithoutBuffering" methodname="Cooldown_FiresImmediatelyBlocksThenBecomesReadyWithoutBuffering" classname="Rustline.Tests.WeaponGameplayTests" runstate="Runnable" seed="1181186088" result="Passed" start-time="2026-09-09 19:51:21Z" end-time="2026-09-09 19:51:21Z" duration="0.000518" asserts="0">
              <properties>
                <property name="retryIteration" value="0" />
                <property name="repeatIteration" value="0" />
              </properties>
            </test-case>
            <test-case id="1246" name="FireInput_IsMouseLeftSemiAutomaticPress" fullname="Rustline.Tests.WeaponGameplayTests.FireInput_IsMouseLeftSemiAutomaticPress" methodname="FireInput_IsMouseLeftSemiAutomaticPress" classname="Rustline.Tests.WeaponGameplayTests" runstate="Runnable" seed="1363630577" result="Passed" start-time="2026-09-09 19:51:21Z" end-time="2026-09-09 19:51:21Z" duration="0.000910" asserts="0">
              <properties>
                <property name="retryIteration" value="0" />
                <property name="repeatIteration" value="0" />
              </properties>
            </test-case>
            <test-suite type="ParameterizedMethod" id="1253" name="FirePolicy_AllowsAuthoredGroundedLongwatchStates" fullname="Rustline.Tests.WeaponGameplayTests.FirePolicy_AllowsAuthoredGroundedLongwatchStates" classname="Rustline.Tests.WeaponGameplayTests" runstate="Runnable" testcasecount="6" result="Passed" start-time="2026-09-09 19:51:21Z" end-time="2026-09-09 19:51:21Z" duration="0.002976" total="6" passed="6" failed="0" inconclusive="0" skipped="0" asserts="0">
              <properties />
              <test-case id="1247" name="FirePolicy_AllowsAuthoredGroundedLongwatchStates(Idle)" fullname="Rustline.Tests.WeaponGameplayTests.FirePolicy_AllowsAuthoredGroundedLongwatchStates(Idle)" methodname="FirePolicy_AllowsAuthoredGroundedLongwatchStates" classname="Rustline.Tests.WeaponGameplayTests" runstate="Runnable" seed="1106437150" result="Passed" start-time="2026-09-09 19:51:21Z" end-time="2026-09-09 19:51:21Z" duration="0.000644" asserts="0">
                <properties>
                  <property name="retryIteration" value="0" />
                  <property name="repeatIteration" value="0" />
                </properties>
              </test-case>
              <test-case id="1248" name="FirePolicy_AllowsAuthoredGroundedLongwatchStates(Run)" fullname="Rustline.Tests.WeaponGameplayTests.FirePolicy_AllowsAuthoredGroundedLongwatchStates(Run)" methodname="FirePolicy_AllowsAuthoredGroundedLongwatchStates" classname="Rustline.Tests.WeaponGameplayTests" runstate="Runnable" seed="1129540310" result="Passed" start-time="2026-09-09 19:51:21Z" end-time="2026-09-09 19:51:21Z" duration="0.000170" asserts="0">
                <properties>
                  <property name="retryIteration" value="0" />
                  <property name="repeatIteration" value="0" />
                </properties>
              </test-case>
              <test-case id="1249" name="FirePolicy_AllowsAuthoredGroundedLongwatchStates(Backpedal)" fullname="Rustline.Tests.WeaponGameplayTests.FirePolicy_AllowsAuthoredGroundedLongwatchStates(Backpedal)" methodname="FirePolicy_AllowsAuthoredGroundedLongwatchStates" classname="Rustline.Tests.WeaponGameplayTests" runstate="Runnable" seed="250996233" result="Passed" start-time="2026-09-09 19:51:21Z" end-time="2026-09-09 19:51:21Z" duration="0.000132" asserts="0">
                <properties>
                  <property name="retryIteration" value="0" />
                  <property name="repeatIteration" value="0" />
                </properties>
              </test-case>
              <test-case id="1250" name="FirePolicy_AllowsAuthoredGroundedLongwatchStates(CrouchIdle)" fullname="Rustline.Tests.WeaponGameplayTests.FirePolicy_AllowsAuthoredGroundedLongwatchStates(CrouchIdle)" methodname="FirePolicy_AllowsAuthoredGroundedLongwatchStates" classname="Rustline.Tests.WeaponGameplayTests" runstate="Runnable" seed="149851286" result="Passed" start-time="2026-09-09 19:51:21Z" end-time="2026-09-09 19:51:21Z" duration="0.000120" asserts="0">
                <properties>
                  <property name="retryIteration" value="0" />
                  <property name="repeatIteration" value="0" />
                </properties>
              </test-case>
              <test-case id="1251" name="FirePolicy_AllowsAuthoredGroundedLongwatchStates(CrouchMove)" fullname="Rustline.Tests.WeaponGameplayTests.FirePolicy_AllowsAuthoredGroundedLongwatchStates(CrouchMove)" methodname="FirePolicy_AllowsAuthoredGroundedLongwatchStates" classname="Rustline.Tests.WeaponGameplayTests" runstate="Runnable" seed="1523267916" result="Passed" start-time="2026-09-09 19:51:21Z" end-time="2026-09-09 19:51:21Z" duration="0.000137" asserts="0">
                <properties>
                  <property name="retryIteration" value="0" />
                  <property name="repeatIteration" value="0" />
                </properties>
              </test-case>
              <test-case id="1252" name="FirePolicy_AllowsAuthoredGroundedLongwatchStates(Fall)" fullname="Rustline.Tests.WeaponGameplayTests.FirePolicy_AllowsAuthoredGroundedLongwatchStates(Fall)" methodname="FirePolicy_AllowsAuthoredGroundedLongwatchStates" classname="Rustline.Tests.WeaponGameplayTests" runstate="Runnable" seed="1582324344" result="Passed" start-time="2026-09-09 19:51:21Z" end-time="2026-09-09 19:51:21Z" duration="0.000128" asserts="0">
                <properties>
                  <property name="retryIteration" value="0" />
                  <property name="repeatIteration" value="0" />
                </properties>
              </test-case>
            </test-suite>
            <test-case id="1259" name="FirePolicy_BlocksMissingStateBraceAndKick" fullname="Rustline.Tests.WeaponGameplayTests.FirePolicy_BlocksMissingStateBraceAndKick" methodname="FirePolicy_BlocksMissingStateBraceAndKick" classname="Rustline.Tests.WeaponGameplayTests" runstate="Runnable" seed="1902640005" result="Passed" start-time="2026-09-09 19:51:21Z" end-time="2026-09-09 19:51:21Z" duration="0.000309" asserts="0">
              <properties>
                <property name="retryIteration" value="0" />
                <property name="repeatIteration" value="0" />
              </properties>
            </test-case>
            <test-suite type="ParameterizedMethod" id="1258" name="FirePolicy_BlocksStatesWithoutAuthoredLongwatchPresentation" fullname="Rustline.Tests.WeaponGameplayTests.FirePolicy_BlocksStatesWithoutAuthoredLongwatchPresentation" classname="Rustline.Tests.WeaponGameplayTests" runstate="Runnable" testcasecount="4" result="Passed" start-time="2026-09-09 19:51:21Z" end-time="2026-09-09 19:51:21Z" duration="0.002015" total="4" passed="4" failed="0" inconclusive="0" skipped="0" asserts="0">
              <properties />
              <test-case id="1254" name="FirePolicy_BlocksStatesWithoutAuthoredLongwatchPresentation(Jump)" fullname="Rustline.Tests.WeaponGameplayTests.FirePolicy_BlocksStatesWithoutAuthoredLongwatchPresentation(Jump)" methodname="FirePolicy_BlocksStatesWithoutAuthoredLongwatchPresentation" classname="Rustline.Tests.WeaponGameplayTests" runstate="Runnable" seed="1980530329" result="Passed" start-time="2026-09-09 19:51:21Z" end-time="2026-09-09 19:51:21Z" duration="0.000257" asserts="0">
                <properties>
                  <property name="retryIteration" value="0" />
                  <property name="repeatIteration" value="0" />
                </properties>
              </test-case>
              <test-case id="1255" name="FirePolicy_BlocksStatesWithoutAuthoredLongwatchPresentation(Land)" fullname="Rustline.Tests.WeaponGameplayTests.FirePolicy_BlocksStatesWithoutAuthoredLongwatchPresentation(Land)" methodname="FirePolicy_BlocksStatesWithoutAuthoredLongwatchPresentation" classname="Rustline.Tests.WeaponGameplayTests" runstate="Runnable" seed="547436654" result="Passed" start-time="2026-09-09 19:51:21Z" end-time="2026-09-09 19:51:21Z" duration="0.000200" asserts="0">
                <properties>
                  <property name="retryIteration" value="0" />
                  <property name="repeatIteration" value="0" />
                </properties>
              </test-case>
              <test-case id="1256" name="FirePolicy_BlocksStatesWithoutAuthoredLongwatchPresentation(WallBrace)" fullname="Rustline.Tests.WeaponGameplayTests.FirePolicy_BlocksStatesWithoutAuthoredLongwatchPresentation(WallBrace)" methodname="FirePolicy_BlocksStatesWithoutAuthoredLongwatchPresentation" classname="Rustline.Tests.WeaponGameplayTests" runstate="Runnable" seed="1437350593" result="Passed" start-time="2026-09-09 19:51:21Z" end-time="2026-09-09 19:51:21Z" duration="0.000141" asserts="0">
                <properties>
                  <property name="retryIteration" value="0" />
                  <property name="repeatIteration" value="0" />
                </properties>
              </test-case>
              <test-case id="1257" name="FirePolicy_BlocksStatesWithoutAuthoredLongwatchPresentation(LedgeClimb)" fullname="Rustline.Tests.WeaponGameplayTests.FirePolicy_BlocksStatesWithoutAuthoredLongwatchPresentation(LedgeClimb)" methodname="FirePolicy_BlocksStatesWithoutAuthoredLongwatchPresentation" classname="Rustline.Tests.WeaponGameplayTests" runstate="Runnable" seed="716443646" result="Passed" start-time="2026-09-09 19:51:21Z" end-time="2026-09-09 19:51:21Z" duration="0.000112" asserts="0">
                <properties>
                  <property name="retryIteration" value="0" />
                  <property name="repeatIteration" value="0" />
                </properties>
              </test-case>
            </test-suite>
            <test-case id="1245" name="LongwatchDefinition_HasExpectedPrototypeValues" fullname="Rustline.Tests.WeaponGameplayTests.LongwatchDefinition_HasExpectedPrototypeValues" methodname="LongwatchDefinition_HasExpectedPrototypeValues" classname="Rustline.Tests.WeaponGameplayTests" runstate="Runnable" seed="291498422" result="Passed" start-time="2026-09-09 19:51:21Z" end-time="2026-09-09 19:51:21Z" duration="0.002374" asserts="0">
              <properties>
                <property name="retryIteration" value="0" />
                <property name="repeatIteration" value="0" />
              </properties>
            </test-case>
            <test-case id="1262" name="LongwatchRecoilCurve_UsesContinuousDirectionAndReturnsExactlyToZero" fullname="Rustline.Tests.WeaponGameplayTests.LongwatchRecoilCurve_UsesContinuousDirectionAndReturnsExactlyToZero" methodname="LongwatchRecoilCurve_UsesContinuousDirectionAndReturnsExactlyToZero" classname="Rustline.Tests.WeaponGameplayTests" runstate="Runnable" seed="1795676755" result="Passed" start-time="2026-09-09 19:51:21Z" end-time="2026-09-09 19:51:21Z" duration="0.000774" asserts="0">
              <properties>
                <property name="retryIteration" value="0" />
                <property name="repeatIteration" value="0" />
              </properties>
            </test-case>
            <test-case id="1261" name="ShotResult_PreservesContinuousDirectionAndConfiguredHitData" fullname="Rustline.Tests.WeaponGameplayTests.ShotResult_PreservesContinuousDirectionAndConfiguredHitData" methodname="ShotResult_PreservesContinuousDirectionAndConfiguredHitData" classname="Rustline.Tests.WeaponGameplayTests" runstate="Runnable" seed="658326923" result="Passed" start-time="2026-09-09 19:51:21Z" end-time="2026-09-09 19:51:21Z" duration="0.000893" asserts="0">
              <properties>
                <property name="retryIteration" value="0" />
                <property name="repeatIteration" value="0" />
              </properties>
              <output><![CDATA[Saving results to: C:/Users/pedro/AppData/LocalLow/DefaultCompany/rustline\TestResults.xml
]]></output>
            </test-case>
          </test-suite>
        </test-suite>
      </test-suite>
    </test-suite>
  </test-suite>
</test-run>