<?xml version="1.0" encoding="utf-8"?>
<test-run id="2" testcasecount="1" result="Passed" total="1" passed="1" failed="0" inconclusive="0" skipped="0" asserts="0" engine-version="3.5.0.0" clr-version="4.0.30319.42000" start-time="2026-09-09 20:07:35Z" end-time="2026-09-09 20:07:38Z" duration="2,7953359">
  <test-suite type="TestSuite" id="1068" name="rustline" fullname="rustline" runstate="Runnable" testcasecount="51" result="Passed" start-time="2026-09-09 20:07:35Z" end-time="2026-09-09 20:07:38Z" duration="2.795336" total="1" passed="1" failed="0" inconclusive="0" skipped="0" asserts="0">
    <properties>
      <property name="platform" value="PlayMode" />
    </properties>
    <test-suite type="Assembly" id="1062" name="Rustline.PlayModeTests.dll" fullname="C:/Projetos/Github/rustline/Library/ScriptAssemblies/Rustline.PlayModeTests.dll" runstate="Runnable" testcasecount="51" result="Passed" start-time="2026-09-09 20:07:35Z" end-time="2026-09-09 20:07:38Z" duration="2.777920" total="1" passed="1" failed="0" inconclusive="0" skipped="0" asserts="0">
      <properties>
        <property name="_PID" value="21884" />
        <property name="_APPDOMAIN" value="Unity Child Domain" />
        <property name="platform" value="PlayMode" />
        <property name="EditorOnly" value="False" />
      </properties>
      <test-suite type="TestSuite" id="1063" name="Rustline" fullname="Rustline" runstate="Runnable" testcasecount="51" result="Passed" start-time="2026-09-09 20:07:35Z" end-time="2026-09-09 20:07:38Z" duration="2.774700" total="1" passed="1" failed="0" inconclusive="0" skipped="0" asserts="0">
        <properties />
        <test-suite type="TestSuite" id="1064" name="Tests" fullname="Rustline.Tests" runstate="Runnable" testcasecount="51" result="Passed" start-time="2026-09-09 20:07:35Z" end-time="2026-09-09 20:07:38Z" duration="2.754036" total="1" passed="1" failed="0" inconclusive="0" skipped="0" asserts="0">
          <properties />
          <test-suite type="TestFixture" id="1036" name="MovementLabPlayModeTests" fullname="Rustline.Tests.MovementLabPlayModeTests" classname="Rustline.Tests.MovementLabPlayModeTests" runstate="Runnable" testcasecount="16" result="Passed" start-time="2026-09-09 20:07:35Z" end-time="2026-09-09 20:07:38Z" duration="2.735490" total="1" passed="1" failed="0" inconclusive="0" skipped="0" asserts="0">
            <properties />
            <test-case id="1052" name="Player_AlternatesWallKicksAcrossFourCellShaft" fullname="Rustline.Tests.MovementLabPlayModeTests.Player_AlternatesWallKicksAcrossFourCellShaft" methodname="Player_AlternatesWallKicksAcrossFourCellShaft" classname="Rustline.Tests.MovementLabPlayModeTests" runstate="Runnable" seed="556641536" result="Passed" start-time="2026-09-09 20:07:35Z" end-time="2026-09-09 20:07:38Z" duration="2.690130" asserts="0">
              <properties>
                <property name="_JOINTYPE" value="UnityCombinatorial" />
                <property name="retryIteration" value="0" />
                <property name="repeatIteration" value="0" />
              </properties>
              <output><![CDATA[Saving results to: C:/Users/pedro/AppData/LocalLow/DefaultCompany/rustline\TestResults.xml
]]></output>
            </test-case>
          </test-suite>
        </test-suite>
      </test-suite>
    </test-suite>
  </test-suite>
</test-run>