<?xml version="1.0" encoding="utf-8"?>
<test-run id="2" testcasecount="51" result="Failed(Child)" total="51" passed="46" failed="5" inconclusive="0" skipped="0" asserts="0" engine-version="3.5.0.0" clr-version="4.0.30319.42000" start-time="2026-09-09 19:52:35Z" end-time="2026-09-09 19:53:39Z" duration="63,9039248">
  <test-suite type="TestSuite" id="1068" name="rustline" fullname="rustline" runstate="Runnable" testcasecount="51" result="Failed" site="Child" start-time="2026-09-09 19:52:35Z" end-time="2026-09-09 19:53:39Z" duration="63.903925" total="51" passed="46" failed="5" inconclusive="0" skipped="0" asserts="0">
    <properties>
      <property name="platform" value="PlayMode" />
    </properties>
    <failure>
      <message><![CDATA[One or more child tests had errors]]></message>
    </failure>
    <test-suite type="Assembly" id="1062" name="Rustline.PlayModeTests.dll" fullname="C:/Projetos/Github/rustline/Library/ScriptAssemblies/Rustline.PlayModeTests.dll" runstate="Runnable" testcasecount="51" result="Failed" site="Child" start-time="2026-09-09 19:52:35Z" end-time="2026-09-09 19:53:39Z" duration="63.889652" total="51" passed="46" failed="5" inconclusive="0" skipped="0" asserts="0">
      <properties>
        <property name="_PID" value="45880" />
        <property name="_APPDOMAIN" value="Unity Child Domain" />
        <property name="platform" value="PlayMode" />
        <property name="EditorOnly" value="False" />
      </properties>
      <failure>
        <message><![CDATA[One or more child tests had errors]]></message>
      </failure>
      <test-suite type="TestSuite" id="1063" name="Rustline" fullname="Rustline" runstate="Runnable" testcasecount="51" result="Failed" site="Child" start-time="2026-09-09 19:52:35Z" end-time="2026-09-09 19:53:39Z" duration="63.878981" total="51" passed="46" failed="5" inconclusive="0" skipped="0" asserts="0">
        <properties />
        <failure>
          <message><![CDATA[One or more child tests had errors]]></message>
        </failure>
        <test-suite type="TestSuite" id="1064" name="Tests" fullname="Rustline.Tests" runstate="Runnable" testcasecount="51" result="Failed" site="Child" start-time="2026-09-09 19:52:35Z" end-time="2026-09-09 19:53:39Z" duration="63.863093" total="51" passed="46" failed="5" inconclusive="0" skipped="0" asserts="0">
          <properties />
          <failure>
            <message><![CDATA[One or more child tests had errors]]></message>
          </failure>
          <test-suite type="TestFixture" id="1001" name="FramePacingPlayModeTests" fullname="Rustline.Tests.FramePacingPlayModeTests" classname="Rustline.Tests.FramePacingPlayModeTests" runstate="Runnable" testcasecount="1" result="Passed" start-time="2026-09-09 19:52:35Z" end-time="2026-09-09 19:52:35Z" duration="0.049338" total="1" passed="1" failed="0" inconclusive="0" skipped="0" asserts="0">
            <properties />
            <test-case id="1002" name="RuntimePolicy_CapsAtSixtyWithoutVSync" fullname="Rustline.Tests.FramePacingPlayModeTests.RuntimePolicy_CapsAtSixtyWithoutVSync" methodname="RuntimePolicy_CapsAtSixtyWithoutVSync" classname="Rustline.Tests.FramePacingPlayModeTests" runstate="Runnable" seed="1068760321" result="Passed" start-time="2026-09-09 19:52:35Z" end-time="2026-09-09 19:52:35Z" duration="0.020608" asserts="0">
              <properties>
                <property name="retryIteration" value="0" />
                <property name="repeatIteration" value="0" />
              </properties>
            </test-case>
          </test-suite>
          <test-suite type="TestFixture" id="1003" name="IdentityLightingPlayModeTests" fullname="Rustline.Tests.IdentityLightingPlayModeTests" classname="Rustline.Tests.IdentityLightingPlayModeTests" runstate="Runnable" testcasecount="1" result="Passed" start-time="2026-09-09 19:52:35Z" end-time="2026-09-09 19:52:37Z" duration="1.633066" total="1" passed="1" failed="0" inconclusive="0" skipped="0" asserts="0">
            <properties />
            <test-case id="1004" name="CurrentScenes_RunWithUnlitOrdinaryRenderersAndNoIdentityGlobalLight" fullname="Rustline.Tests.IdentityLightingPlayModeTests.CurrentScenes_RunWithUnlitOrdinaryRenderersAndNoIdentityGlobalLight" methodname="CurrentScenes_RunWithUnlitOrdinaryRenderersAndNoIdentityGlobalLight" classname="Rustline.Tests.IdentityLightingPlayModeTests" runstate="Runnable" seed="1180874094" result="Passed" start-time="2026-09-09 19:52:35Z" end-time="2026-09-09 19:52:37Z" duration="1.630410" asserts="0">
              <properties>
                <property name="_JOINTYPE" value="UnityCombinatorial" />
                <property name="retryIteration" value="0" />
                <property name="repeatIteration" value="0" />
              </properties>
            </test-case>
          </test-suite>
          <test-suite type="TestFixture" id="1005" name="LedgeClimbPlayModeTests" fullname="Rustline.Tests.LedgeClimbPlayModeTests" classname="Rustline.Tests.LedgeClimbPlayModeTests" runstate="Runnable" testcasecount="5" result="Passed" start-time="2026-09-09 19:52:37Z" end-time="2026-09-09 19:52:41Z" duration="4.600497" total="5" passed="5" failed="0" inconclusive="0" skipped="0" asserts="0">
            <properties />
            <test-case id="1008" name="BackpedalOffRightEdge_RequiresReverseInputButNotNegativeVelocity" fullname="Rustline.Tests.LedgeClimbPlayModeTests.BackpedalOffRightEdge_RequiresReverseInputButNotNegativeVelocity" methodname="BackpedalOffRightEdge_RequiresReverseInputButNotNegativeVelocity" classname="Rustline.Tests.LedgeClimbPlayModeTests" runstate="Runnable" seed="778108575" result="Passed" start-time="2026-09-09 19:52:37Z" end-time="2026-09-09 19:52:38Z" duration="1.488233" asserts="0">
              <properties>
                <property name="_JOINTYPE" value="UnityCombinatorial" />
                <property name="retryIteration" value="0" />
                <property name="repeatIteration" value="0" />
              </properties>
            </test-case>
            <test-case id="1009" name="FacingMismatchAndBlockedDestination_RejectWithoutDisablingCollider" fullname="Rustline.Tests.LedgeClimbPlayModeTests.FacingMismatchAndBlockedDestination_RejectWithoutDisablingCollider" methodname="FacingMismatchAndBlockedDestination_RejectWithoutDisablingCollider" classname="Rustline.Tests.LedgeClimbPlayModeTests" runstate="Runnable" seed="1958693262" result="Passed" start-time="2026-09-09 19:52:38Z" end-time="2026-09-09 19:52:39Z" duration="0.490059" asserts="0">
              <properties>
                <property name="_JOINTYPE" value="UnityCombinatorial" />
                <property name="retryIteration" value="0" />
                <property name="repeatIteration" value="0" />
              </properties>
            </test-case>
            <test-case id="1006" name="LeftPlatformEdge_CompletesCommittedRightFacingClimbWithoutLandOrFire" fullname="Rustline.Tests.LedgeClimbPlayModeTests.LeftPlatformEdge_CompletesCommittedRightFacingClimbWithoutLandOrFire" methodname="LeftPlatformEdge_CompletesCommittedRightFacingClimbWithoutLandOrFire" classname="Rustline.Tests.LedgeClimbPlayModeTests" runstate="Runnable" seed="490895522" result="Passed" start-time="2026-09-09 19:52:39Z" end-time="2026-09-09 19:52:40Z" duration="1.071530" asserts="0">
              <properties>
                <property name="_JOINTYPE" value="UnityCombinatorial" />
                <property name="retryIteration" value="0" />
                <property name="repeatIteration" value="0" />
              </properties>
            </test-case>
            <test-case id="1010" name="ResetAfterRespawn_CancelsClimbAndRestoresStandingCollider" fullname="Rustline.Tests.LedgeClimbPlayModeTests.ResetAfterRespawn_CancelsClimbAndRestoresStandingCollider" methodname="ResetAfterRespawn_CancelsClimbAndRestoresStandingCollider" classname="Rustline.Tests.LedgeClimbPlayModeTests" runstate="Runnable" seed="1129489616" result="Passed" start-time="2026-09-09 19:52:40Z" end-time="2026-09-09 19:52:40Z" duration="0.511636" asserts="0">
              <properties>
                <property name="_JOINTYPE" value="UnityCombinatorial" />
                <property name="retryIteration" value="0" />
                <property name="repeatIteration" value="0" />
              </properties>
            </test-case>
            <test-case id="1007" name="RightPlatformEdge_MirrorsOnlyHorizontalTrajectoryAndFacing" fullname="Rustline.Tests.LedgeClimbPlayModeTests.RightPlatformEdge_MirrorsOnlyHorizontalTrajectoryAndFacing" methodname="RightPlatformEdge_MirrorsOnlyHorizontalTrajectoryAndFacing" classname="Rustline.Tests.LedgeClimbPlayModeTests" runstate="Runnable" seed="1130993550" result="Passed" start-time="2026-09-09 19:52:40Z" end-time="2026-09-09 19:52:41Z" duration="1.017760" asserts="0">
              <properties>
                <property name="_JOINTYPE" value="UnityCombinatorial" />
                <property name="retryIteration" value="0" />
                <property name="repeatIteration" value="0" />
              </properties>
            </test-case>
          </test-suite>
          <test-suite type="TestFixture" id="1011" name="LongwatchAimPlayModeTests" fullname="Rustline.Tests.LongwatchAimPlayModeTests" classname="Rustline.Tests.LongwatchAimPlayModeTests" runstate="Runnable" testcasecount="7" result="Failed" site="Child" start-time="2026-09-09 19:52:41Z" end-time="2026-09-09 19:52:56Z" duration="14.236553" total="7" passed="6" failed="1" inconclusive="0" skipped="0" asserts="0">
            <properties />
            <failure>
              <message><![CDATA[One or more child tests had errors]]></message>
            </failure>
            <test-case id="1012" name="AimDirtyState_RefreshesForEveryExactConversionInput" fullname="Rustline.Tests.LongwatchAimPlayModeTests.AimDirtyState_RefreshesForEveryExactConversionInput" methodname="AimDirtyState_RefreshesForEveryExactConversionInput" classname="Rustline.Tests.LongwatchAimPlayModeTests" runstate="Runnable" seed="290683772" result="Passed" start-time="2026-09-09 19:52:41Z" end-time="2026-09-09 19:52:42Z" duration="1.101078" asserts="0">
              <properties>
                <property name="_JOINTYPE" value="UnityCombinatorial" />
                <property name="retryIteration" value="0" />
                <property name="repeatIteration" value="0" />
              </properties>
            </test-case>
            <test-case id="1016" name="GroundedAimRelativeLocomotion_UsesSevenForwardAndFourBackpedal" fullname="Rustline.Tests.LongwatchAimPlayModeTests.GroundedAimRelativeLocomotion_UsesSevenForwardAndFourBackpedal" methodname="GroundedAimRelativeLocomotion_UsesSevenForwardAndFourBackpedal" classname="Rustline.Tests.LongwatchAimPlayModeTests" runstate="Runnable" seed="1325935271" result="Passed" start-time="2026-09-09 19:52:42Z" end-time="2026-09-09 19:52:48Z" duration="5.287951" asserts="0">
              <properties>
                <property name="_JOINTYPE" value="UnityCombinatorial" />
                <property name="retryIteration" value="0" />
                <property name="repeatIteration" value="0" />
              </properties>
            </test-case>
            <test-case id="1018" name="HemisphereChangeWhileMoving_TransitionsNaturallyToBackpedalCap" fullname="Rustline.Tests.LongwatchAimPlayModeTests.HemisphereChangeWhileMoving_TransitionsNaturallyToBackpedalCap" methodname="HemisphereChangeWhileMoving_TransitionsNaturallyToBackpedalCap" classname="Rustline.Tests.LongwatchAimPlayModeTests" runstate="Runnable" seed="2146265495" result="Passed" start-time="2026-09-09 19:52:48Z" end-time="2026-09-09 19:52:50Z" duration="2.512670" asserts="0">
              <properties>
                <property name="_JOINTYPE" value="UnityCombinatorial" />
                <property name="retryIteration" value="0" />
                <property name="repeatIteration" value="0" />
              </properties>
            </test-case>
            <test-case id="1013" name="IdleLongwatch_UsesCorrectedAimOriginAndFollowsBodyWithoutDrift" fullname="Rustline.Tests.LongwatchAimPlayModeTests.IdleLongwatch_UsesCorrectedAimOriginAndFollowsBodyWithoutDrift" methodname="IdleLongwatch_UsesCorrectedAimOriginAndFollowsBodyWithoutDrift" classname="Rustline.Tests.LongwatchAimPlayModeTests" runstate="Runnable" seed="750684324" result="Passed" start-time="2026-09-09 19:52:50Z" end-time="2026-09-09 19:52:51Z" duration="1.118295" asserts="0">
              <properties>
                <property name="_JOINTYPE" value="UnityCombinatorial" />
                <property name="retryIteration" value="0" />
                <property name="repeatIteration" value="0" />
              </properties>
            </test-case>
            <test-case id="1015" name="Longwatch_OwnsFallButReleasesForJumpAndLandThenReacquires" fullname="Rustline.Tests.LongwatchAimPlayModeTests.Longwatch_OwnsFallButReleasesForJumpAndLandThenReacquires" methodname="Longwatch_OwnsFallButReleasesForJumpAndLandThenReacquires" classname="Rustline.Tests.LongwatchAimPlayModeTests" runstate="Runnable" seed="78619049" result="Failed" start-time="2026-09-09 19:52:51Z" end-time="2026-09-09 19:52:53Z" duration="1.574992" asserts="0">
              <properties>
                <property name="_JOINTYPE" value="UnityCombinatorial" />
                <property name="retryIteration" value="0" />
                <property name="repeatIteration" value="0" />
              </properties>
              <failure>
                <message><![CDATA[  Expected: False
  But was:  True
]]></message>
                <stack-trace><![CDATA[at Rustline.Tests.LongwatchAimPlayModeTests.AssertUnarmedOwnership (Rustline.Presentation.PlayerLongwatchAimPresenter2D armed, Rustline.Presentation.PlayerUnarmedArmsPresenter2D unarmed, UnityEngine.SpriteRenderer bodyRenderer, UnityEngine.SpriteRenderer armsRenderer) [0x00001] in C:\Projetos\Github\rustline\Assets\Tests\PlayMode\LongwatchAimPlayModeTests.cs:691
at Rustline.Tests.LongwatchAimPlayModeTests+<Longwatch_OwnsFallButReleasesForJumpAndLandThenReacquires>d__3.MoveNext () [0x0040c] in C:\Projetos\Github\rustline\Assets\Tests\PlayMode\LongwatchAimPlayModeTests.cs:368
at UnityEngine.TestTools.TestEnumerator+<Execute>d__7.MoveNext () [0x0004e] in .\Library\PackageCache\com.unity.test-framework@629486125cfc\UnityEngine.TestRunner\NUnitExtensions\Attributes\TestEnumerator.cs:44
]]></stack-trace>
              </failure>
            </test-case>
            <test-case id="1014" name="RunLongwatch_UsesBodyClockAndAimFacingIndependentOfMovement" fullname="Rustline.Tests.LongwatchAimPlayModeTests.RunLongwatch_UsesBodyClockAndAimFacingIndependentOfMovement" methodname="RunLongwatch_UsesBodyClockAndAimFacingIndependentOfMovement" classname="Rustline.Tests.LongwatchAimPlayModeTests" runstate="Runnable" seed="1055872730" result="Passed" start-time="2026-09-09 19:52:53Z" end-time="2026-09-09 19:52:54Z" duration="1.508571" asserts="0">
              <properties>
                <property name="_JOINTYPE" value="UnityCombinatorial" />
                <property name="retryIteration" value="0" />
                <property name="repeatIteration" value="0" />
              </properties>
            </test-case>
            <test-case id="1017" name="VerticalAimHysteresis_DoesNotChatterAcrossUpOrDownAxis" fullname="Rustline.Tests.LongwatchAimPlayModeTests.VerticalAimHysteresis_DoesNotChatterAcrossUpOrDownAxis" methodname="VerticalAimHysteresis_DoesNotChatterAcrossUpOrDownAxis" classname="Rustline.Tests.LongwatchAimPlayModeTests" runstate="Runnable" seed="238765389" result="Passed" start-time="2026-09-09 19:52:54Z" end-time="2026-09-09 19:52:56Z" duration="1.114664" asserts="0">
              <properties>
                <property name="_JOINTYPE" value="UnityCombinatorial" />
                <property name="retryIteration" value="0" />
                <property name="repeatIteration" value="0" />
              </properties>
            </test-case>
          </test-suite>
          <test-suite type="TestFixture" id="1019" name="LongwatchGunplayPlayModeTests" fullname="Rustline.Tests.LongwatchGunplayPlayModeTests" classname="Rustline.Tests.LongwatchGunplayPlayModeTests" runstate="Runnable" testcasecount="10" result="Passed" start-time="2026-09-09 19:52:56Z" end-time="2026-09-09 19:53:09Z" duration="13.514438" total="10" passed="10" failed="0" inconclusive="0" skipped="0" asserts="0">
            <properties />
            <test-case id="1024" name="AuthoredGroundedStates_CanFireWithoutResettingAnimationOrOverlay" fullname="Rustline.Tests.LongwatchGunplayPlayModeTests.AuthoredGroundedStates_CanFireWithoutResettingAnimationOrOverlay" methodname="AuthoredGroundedStates_CanFireWithoutResettingAnimationOrOverlay" classname="Rustline.Tests.LongwatchGunplayPlayModeTests" runstate="Runnable" seed="1259919042" result="Passed" start-time="2026-09-09 19:52:56Z" end-time="2026-09-09 19:52:58Z" duration="2.650800" asserts="0">
              <properties>
                <property name="_JOINTYPE" value="UnityCombinatorial" />
                <property name="retryIteration" value="0" />
                <property name="repeatIteration" value="0" />
              </properties>
            </test-case>
            <test-case id="1029" name="CombatTargetTrigger_DoesNotAffectEnvironmentAndRespawnClearsPendingFire" fullname="Rustline.Tests.LongwatchGunplayPlayModeTests.CombatTargetTrigger_DoesNotAffectEnvironmentAndRespawnClearsPendingFire" methodname="CombatTargetTrigger_DoesNotAffectEnvironmentAndRespawnClearsPendingFire" classname="Rustline.Tests.LongwatchGunplayPlayModeTests" runstate="Runnable" seed="675327361" result="Passed" start-time="2026-09-09 19:52:58Z" end-time="2026-09-09 19:52:59Z" duration="1.136544" asserts="0">
              <properties>
                <property name="_JOINTYPE" value="UnityCombinatorial" />
                <property name="retryIteration" value="0" />
                <property name="repeatIteration" value="0" />
              </properties>
            </test-case>
            <test-case id="1022" name="GroundObstruction_StopsShotBeforeTarget" fullname="Rustline.Tests.LongwatchGunplayPlayModeTests.GroundObstruction_StopsShotBeforeTarget" methodname="GroundObstruction_StopsShotBeforeTarget" classname="Rustline.Tests.LongwatchGunplayPlayModeTests" runstate="Runnable" seed="1297197393" result="Passed" start-time="2026-09-09 19:52:59Z" end-time="2026-09-09 19:53:00Z" duration="1.055686" asserts="0">
              <properties>
                <property name="_JOINTYPE" value="UnityCombinatorial" />
                <property name="retryIteration" value="0" />
                <property name="repeatIteration" value="0" />
              </properties>
            </test-case>
            <test-case id="1020" name="IdleClick_FiresHitsTargetAndShowsReusedTrace" fullname="Rustline.Tests.LongwatchGunplayPlayModeTests.IdleClick_FiresHitsTargetAndShowsReusedTrace" methodname="IdleClick_FiresHitsTargetAndShowsReusedTrace" classname="Rustline.Tests.LongwatchGunplayPlayModeTests" runstate="Runnable" seed="1473094073" result="Passed" start-time="2026-09-09 19:53:00Z" end-time="2026-09-09 19:53:02Z" duration="1.225178" asserts="0">
              <properties>
                <property name="_JOINTYPE" value="UnityCombinatorial" />
                <property name="retryIteration" value="0" />
                <property name="repeatIteration" value="0" />
              </properties>
            </test-case>
            <test-case id="1025" name="JumpClick_IsDroppedAndNeverFiresLater" fullname="Rustline.Tests.LongwatchGunplayPlayModeTests.JumpClick_IsDroppedAndNeverFiresLater" methodname="JumpClick_IsDroppedAndNeverFiresLater" classname="Rustline.Tests.LongwatchGunplayPlayModeTests" runstate="Runnable" seed="1607554369" result="Passed" start-time="2026-09-09 19:53:02Z" end-time="2026-09-09 19:53:04Z" duration="1.903360" asserts="0">
              <properties>
                <property name="_JOINTYPE" value="UnityCombinatorial" />
                <property name="retryIteration" value="0" />
                <property name="repeatIteration" value="0" />
              </properties>
            </test-case>
            <test-case id="1026" name="JumpImmediatelyAfterShot_RestoresSharedOverlayBaseline" fullname="Rustline.Tests.LongwatchGunplayPlayModeTests.JumpImmediatelyAfterShot_RestoresSharedOverlayBaseline" methodname="JumpImmediatelyAfterShot_RestoresSharedOverlayBaseline" classname="Rustline.Tests.LongwatchGunplayPlayModeTests" runstate="Runnable" seed="1590525652" result="Passed" start-time="2026-09-09 19:53:04Z" end-time="2026-09-09 19:53:05Z" duration="1.120674" asserts="0">
              <properties>
                <property name="_JOINTYPE" value="UnityCombinatorial" />
                <property name="retryIteration" value="0" />
                <property name="repeatIteration" value="0" />
              </properties>
            </test-case>
            <test-case id="1023" name="Miss_UsesShortDistalTraceAndNoImpact" fullname="Rustline.Tests.LongwatchGunplayPlayModeTests.Miss_UsesShortDistalTraceAndNoImpact" methodname="Miss_UsesShortDistalTraceAndNoImpact" classname="Rustline.Tests.LongwatchGunplayPlayModeTests" runstate="Runnable" seed="1918327108" result="Passed" start-time="2026-09-09 19:53:05Z" end-time="2026-09-09 19:53:06Z" duration="1.004896" asserts="0">
              <properties>
                <property name="_JOINTYPE" value="UnityCombinatorial" />
                <property name="retryIteration" value="0" />
                <property name="repeatIteration" value="0" />
              </properties>
            </test-case>
            <test-case id="1021" name="OffGridAim_UsesContinuousSevenDegreesWhileVisualUsesTen" fullname="Rustline.Tests.LongwatchGunplayPlayModeTests.OffGridAim_UsesContinuousSevenDegreesWhileVisualUsesTen" methodname="OffGridAim_UsesContinuousSevenDegreesWhileVisualUsesTen" classname="Rustline.Tests.LongwatchGunplayPlayModeTests" runstate="Runnable" seed="537470147" result="Passed" start-time="2026-09-09 19:53:06Z" end-time="2026-09-09 19:53:07Z" duration="1.075626" asserts="0">
              <properties>
                <property name="_JOINTYPE" value="UnityCombinatorial" />
                <property name="retryIteration" value="0" />
                <property name="repeatIteration" value="0" />
              </properties>
            </test-case>
            <test-case id="1028" name="SemiAutomaticInput_HoldAndCooldownDoNotCreateExtraShots" fullname="Rustline.Tests.LongwatchGunplayPlayModeTests.SemiAutomaticInput_HoldAndCooldownDoNotCreateExtraShots" methodname="SemiAutomaticInput_HoldAndCooldownDoNotCreateExtraShots" classname="Rustline.Tests.LongwatchGunplayPlayModeTests" runstate="Runnable" seed="72751268" result="Passed" start-time="2026-09-09 19:53:07Z" end-time="2026-09-09 19:53:09Z" duration="1.839358" asserts="0">
              <properties>
                <property name="_JOINTYPE" value="UnityCombinatorial" />
                <property name="retryIteration" value="0" />
                <property name="repeatIteration" value="0" />
              </properties>
            </test-case>
            <test-case id="1027" name="WallBraceAndKick_CannotFire" fullname="Rustline.Tests.LongwatchGunplayPlayModeTests.WallBraceAndKick_CannotFire" methodname="WallBraceAndKick_CannotFire" classname="Rustline.Tests.LongwatchGunplayPlayModeTests" runstate="Runnable" seed="100982316" result="Passed" start-time="2026-09-09 19:53:09Z" end-time="2026-09-09 19:53:09Z" duration="0.484867" asserts="0">
              <properties>
                <property name="_JOINTYPE" value="UnityCombinatorial" />
                <property name="retryIteration" value="0" />
                <property name="repeatIteration" value="0" />
              </properties>
            </test-case>
          </test-suite>
          <test-suite type="TestFixture" id="1030" name="LongwatchMuzzleFlashPlayModeTests" fullname="Rustline.Tests.LongwatchMuzzleFlashPlayModeTests" classname="Rustline.Tests.LongwatchMuzzleFlashPlayModeTests" runstate="Runnable" testcasecount="5" result="Passed" start-time="2026-09-09 19:53:09Z" end-time="2026-09-09 19:53:12Z" duration="2.813905" total="5" passed="5" failed="0" inconclusive="0" skipped="0" asserts="0">
            <properties />
            <test-case id="1034" name="FallShot_UsesQuantizedVisualAndExactContinuousAimWithMirroredMetadata" fullname="Rustline.Tests.LongwatchMuzzleFlashPlayModeTests.FallShot_UsesQuantizedVisualAndExactContinuousAimWithMirroredMetadata" methodname="FallShot_UsesQuantizedVisualAndExactContinuousAimWithMirroredMetadata" classname="Rustline.Tests.LongwatchMuzzleFlashPlayModeTests" runstate="Runnable" seed="590362464" result="Passed" start-time="2026-09-09 19:53:09Z" end-time="2026-09-09 19:53:10Z" duration="0.440173" asserts="0">
              <properties>
                <property name="_JOINTYPE" value="UnityCombinatorial" />
                <property name="retryIteration" value="0" />
                <property name="repeatIteration" value="0" />
              </properties>
            </test-case>
            <test-case id="1033" name="RunAndCrouchShots_UseDisplayedBodyFrameAndMirrorLeftPose" fullname="Rustline.Tests.LongwatchMuzzleFlashPlayModeTests.RunAndCrouchShots_UseDisplayedBodyFrameAndMirrorLeftPose" methodname="RunAndCrouchShots_UseDisplayedBodyFrameAndMirrorLeftPose" classname="Rustline.Tests.LongwatchMuzzleFlashPlayModeTests" runstate="Runnable" seed="1620526420" result="Passed" start-time="2026-09-09 19:53:10Z" end-time="2026-09-09 19:53:10Z" duration="0.515889" asserts="0">
              <properties>
                <property name="_JOINTYPE" value="UnityCombinatorial" />
                <property name="retryIteration" value="0" />
                <property name="repeatIteration" value="0" />
              </properties>
            </test-case>
            <test-case id="1031" name="SuccessfulShot_ShowsF0ThenSameVariantF1ThenHides_AndRejectedShotDoesNotRestart" fullname="Rustline.Tests.LongwatchMuzzleFlashPlayModeTests.SuccessfulShot_ShowsF0ThenSameVariantF1ThenHides_AndRejectedShotDoesNotRestart" methodname="SuccessfulShot_ShowsF0ThenSameVariantF1ThenHides_AndRejectedShotDoesNotRestart" classname="Rustline.Tests.LongwatchMuzzleFlashPlayModeTests" runstate="Runnable" seed="898398459" result="Passed" start-time="2026-09-09 19:53:10Z" end-time="2026-09-09 19:53:11Z" duration="0.468794" asserts="0">
              <properties>
                <property name="_JOINTYPE" value="UnityCombinatorial" />
                <property name="retryIteration" value="0" />
                <property name="repeatIteration" value="0" />
              </properties>
            </test-case>
            <test-case id="1032" name="TenSuccessfulShots_VisitEveryVariantBeforeRepeating" fullname="Rustline.Tests.LongwatchMuzzleFlashPlayModeTests.TenSuccessfulShots_VisitEveryVariantBeforeRepeating" methodname="TenSuccessfulShots_VisitEveryVariantBeforeRepeating" classname="Rustline.Tests.LongwatchMuzzleFlashPlayModeTests" runstate="Runnable" seed="366271682" result="Passed" start-time="2026-09-09 19:53:11Z" end-time="2026-09-09 19:53:11Z" duration="0.887947" asserts="0">
              <properties>
                <property name="_JOINTYPE" value="UnityCombinatorial" />
                <property name="retryIteration" value="0" />
                <property name="repeatIteration" value="0" />
              </properties>
            </test-case>
            <test-case id="1035" name="UnsupportedCrouchShot_ResolvesGameplayButDoesNotDisplayFakeFlash" fullname="Rustline.Tests.LongwatchMuzzleFlashPlayModeTests.UnsupportedCrouchShot_ResolvesGameplayButDoesNotDisplayFakeFlash" methodname="UnsupportedCrouchShot_ResolvesGameplayButDoesNotDisplayFakeFlash" classname="Rustline.Tests.LongwatchMuzzleFlashPlayModeTests" runstate="Runnable" seed="289021648" result="Passed" start-time="2026-09-09 19:53:11Z" end-time="2026-09-09 19:53:12Z" duration="0.484970" asserts="0">
              <properties>
                <property name="_JOINTYPE" value="UnityCombinatorial" />
                <property name="retryIteration" value="0" />
                <property name="repeatIteration" value="0" />
              </properties>
            </test-case>
          </test-suite>
          <test-suite type="TestFixture" id="1036" name="MovementLabPlayModeTests" fullname="Rustline.Tests.MovementLabPlayModeTests" classname="Rustline.Tests.MovementLabPlayModeTests" runstate="Runnable" testcasecount="16" result="Failed" site="Child" start-time="2026-09-09 19:53:12Z" end-time="2026-09-09 19:53:33Z" duration="21.255973" total="16" passed="12" failed="4" inconclusive="0" skipped="0" asserts="0">
            <properties />
            <failure>
              <message><![CDATA[One or more child tests had errors]]></message>
            </failure>
            <test-case id="1038" name="GroundCompositeGeometry_IsInitializedOnSceneLoad" fullname="Rustline.Tests.MovementLabPlayModeTests.GroundCompositeGeometry_IsInitializedOnSceneLoad" methodname="GroundCompositeGeometry_IsInitializedOnSceneLoad" classname="Rustline.Tests.MovementLabPlayModeTests" runstate="Runnable" seed="428574427" result="Passed" start-time="2026-09-09 19:53:12Z" end-time="2026-09-09 19:53:12Z" duration="0.446808" asserts="0">
              <properties>
                <property name="_JOINTYPE" value="UnityCombinatorial" />
                <property name="retryIteration" value="0" />
                <property name="repeatIteration" value="0" />
              </properties>
            </test-case>
            <test-case id="1037" name="PerformanceHud_IsOptInAndPenumbraToggleWorksWhileHidden" fullname="Rustline.Tests.MovementLabPlayModeTests.PerformanceHud_IsOptInAndPenumbraToggleWorksWhileHidden" methodname="PerformanceHud_IsOptInAndPenumbraToggleWorksWhileHidden" classname="Rustline.Tests.MovementLabPlayModeTests" runstate="Runnable" seed="76628385" result="Passed" start-time="2026-09-09 19:53:12Z" end-time="2026-09-09 19:53:13Z" duration="0.482902" asserts="0">
              <properties>
                <property name="_JOINTYPE" value="UnityCombinatorial" />
                <property name="retryIteration" value="0" />
                <property name="repeatIteration" value="0" />
              </properties>
            </test-case>
            <test-case id="1052" name="Player_AlternatesWallKicksAcrossFourCellShaft" fullname="Rustline.Tests.MovementLabPlayModeTests.Player_AlternatesWallKicksAcrossFourCellShaft" methodname="Player_AlternatesWallKicksAcrossFourCellShaft" classname="Rustline.Tests.MovementLabPlayModeTests" runstate="Runnable" seed="1725923888" result="Failed" start-time="2026-09-09 19:53:13Z" end-time="2026-09-09 19:53:15Z" duration="1.893853" asserts="0">
              <properties>
                <property name="_JOINTYPE" value="UnityCombinatorial" />
                <property name="retryIteration" value="0" />
                <property name="repeatIteration" value="0" />
              </properties>
              <failure>
                <message><![CDATA[  Expected: True
  But was:  False
]]></message>
                <stack-trace><![CDATA[at Rustline.Tests.MovementLabPlayModeTests+<Player_AlternatesWallKicksAcrossFourCellShaft>d__15.MoveNext () [0x00318] in C:\Projetos\Github\rustline\Assets\Tests\PlayMode\MovementLabPlayModeTests.cs:1192
at UnityEngine.TestTools.TestEnumerator+<Execute>d__7.MoveNext () [0x0004e] in .\Library\PackageCache\com.unity.test-framework@629486125cfc\UnityEngine.TestRunner\NUnitExtensions\Attributes\TestEnumerator.cs:44
]]></stack-trace>
              </failure>
            </test-case>
            <test-case id="1045" name="Player_CoyoteJumpKeepsImpulseWithoutSpawningFloatingDust" fullname="Rustline.Tests.MovementLabPlayModeTests.Player_CoyoteJumpKeepsImpulseWithoutSpawningFloatingDust" methodname="Player_CoyoteJumpKeepsImpulseWithoutSpawningFloatingDust" classname="Rustline.Tests.MovementLabPlayModeTests" runstate="Runnable" seed="416818480" result="Passed" start-time="2026-09-09 19:53:15Z" end-time="2026-09-09 19:53:16Z" duration="1.606018" asserts="0">
              <properties>
                <property name="_JOINTYPE" value="UnityCombinatorial" />
                <property name="retryIteration" value="0" />
                <property name="repeatIteration" value="0" />
              </properties>
            </test-case>
            <test-case id="1049" name="Player_CrouchJumpRequiresClearanceAndAirborneInputDoesNotShrink" fullname="Rustline.Tests.MovementLabPlayModeTests.Player_CrouchJumpRequiresClearanceAndAirborneInputDoesNotShrink" methodname="Player_CrouchJumpRequiresClearanceAndAirborneInputDoesNotShrink" classname="Rustline.Tests.MovementLabPlayModeTests" runstate="Runnable" seed="414913054" result="Passed" start-time="2026-09-09 19:53:16Z" end-time="2026-09-09 19:53:17Z" duration="0.827631" asserts="0">
              <properties>
                <property name="_JOINTYPE" value="UnityCombinatorial" />
                <property name="retryIteration" value="0" />
                <property name="repeatIteration" value="0" />
              </properties>
            </test-case>
            <test-case id="1047" name="Player_CrouchPresentationUsesStaticIdleAndSynchronizedMoveCycle" fullname="Rustline.Tests.MovementLabPlayModeTests.Player_CrouchPresentationUsesStaticIdleAndSynchronizedMoveCycle" methodname="Player_CrouchPresentationUsesStaticIdleAndSynchronizedMoveCycle" classname="Rustline.Tests.MovementLabPlayModeTests" runstate="Runnable" seed="1452649740" result="Failed" start-time="2026-09-09 19:53:17Z" end-time="2026-09-09 19:53:18Z" duration="0.434410" asserts="0">
              <properties>
                <property name="_JOINTYPE" value="UnityCombinatorial" />
                <property name="retryIteration" value="0" />
                <property name="repeatIteration" value="0" />
              </properties>
              <failure>
                <message><![CDATA[  Expected: 26
  But was:  31
]]></message>
                <stack-trace><![CDATA[at Rustline.Tests.MovementLabPlayModeTests+<Player_CrouchPresentationUsesStaticIdleAndSynchronizedMoveCycle>d__10.MoveNext () [0x0035e] in C:\Projetos\Github\rustline\Assets\Tests\PlayMode\MovementLabPlayModeTests.cs:781
at UnityEngine.TestTools.TestEnumerator+<Execute>d__7.MoveNext () [0x0004e] in .\Library\PackageCache\com.unity.test-framework@629486125cfc\UnityEngine.TestRunner\NUnitExtensions\Attributes\TestEnumerator.cs:44
]]></stack-trace>
              </failure>
            </test-case>
            <test-case id="1048" name="Player_CrouchPreservesFeetBlocksStandAndAutoStandsAfterTunnel" fullname="Rustline.Tests.MovementLabPlayModeTests.Player_CrouchPreservesFeetBlocksStandAndAutoStandsAfterTunnel" methodname="Player_CrouchPreservesFeetBlocksStandAndAutoStandsAfterTunnel" classname="Rustline.Tests.MovementLabPlayModeTests" runstate="Runnable" seed="1325040447" result="Passed" start-time="2026-09-09 19:53:18Z" end-time="2026-09-09 19:53:23Z" duration="5.075827" asserts="0">
              <properties>
                <property name="_JOINTYPE" value="UnityCombinatorial" />
                <property name="retryIteration" value="0" />
                <property name="repeatIteration" value="0" />
              </properties>
            </test-case>
            <test-case id="1041" name="Player_GroundedRunningJumpAnchorsOnlyYThenEasesExactlyToBaseline" fullname="Rustline.Tests.MovementLabPlayModeTests.Player_GroundedRunningJumpAnchorsOnlyYThenEasesExactlyToBaseline" methodname="Player_GroundedRunningJumpAnchorsOnlyYThenEasesExactlyToBaseline" classname="Rustline.Tests.MovementLabPlayModeTests" runstate="Runnable" seed="2046279146" result="Passed" start-time="2026-09-09 19:53:23Z" end-time="2026-09-09 19:53:24Z" duration="1.612333" asserts="0">
              <properties>
                <property name="_JOINTYPE" value="UnityCombinatorial" />
                <property name="retryIteration" value="0" />
                <property name="repeatIteration" value="0" />
              </properties>
            </test-case>
            <test-case id="1042" name="Player_JumpTakeoffHoldsFinalLayeredFrameUntilFall" fullname="Rustline.Tests.MovementLabPlayModeTests.Player_JumpTakeoffHoldsFinalLayeredFrameUntilFall" methodname="Player_JumpTakeoffHoldsFinalLayeredFrameUntilFall" classname="Rustline.Tests.MovementLabPlayModeTests" runstate="Runnable" seed="1961511027" result="Failed" start-time="2026-09-09 19:53:24Z" end-time="2026-09-09 19:53:26Z" duration="1.434064" asserts="0">
              <properties>
                <property name="_JOINTYPE" value="UnityCombinatorial" />
                <property name="retryIteration" value="0" />
                <property name="repeatIteration" value="0" />
              </properties>
              <failure>
                <message><![CDATA[  Arms overlay lagged or diverged from the displayed Body frame.
  Expected: same as <player_salvager_arms_fall_0 (UnityEngine.Sprite)>
  But was:  <player_salvager_longwatch_dmr_fall_aim_m40_0 (UnityEngine.Sprite)>
]]></message>
                <stack-trace><![CDATA[at Rustline.Tests.MovementLabPlayModeTests.AssertLayers (Rustline.Presentation.PlayerUnarmedArmsPresenter2D presenter, UnityEngine.SpriteRenderer bodyRenderer, UnityEngine.SpriteRenderer armsRenderer) [0x0004a] in C:\Projetos\Github\rustline\Assets\Tests\PlayMode\MovementLabPlayModeTests.cs:1519
at Rustline.Tests.MovementLabPlayModeTests+<Player_JumpTakeoffHoldsFinalLayeredFrameUntilFall>d__5.MoveNext () [0x00460] in C:\Projetos\Github\rustline\Assets\Tests\PlayMode\MovementLabPlayModeTests.cs:448
at UnityEngine.TestTools.TestEnumerator+<Execute>d__7.MoveNext () [0x0004e] in .\Library\PackageCache\com.unity.test-framework@629486125cfc\UnityEngine.TestRunner\NUnitExtensions\Attributes\TestEnumerator.cs:44
]]></stack-trace>
              </failure>
            </test-case>
            <test-case id="1040" name="Player_LayeredPresentationStaysSynchronizedAcrossLocomotionStates" fullname="Rustline.Tests.MovementLabPlayModeTests.Player_LayeredPresentationStaysSynchronizedAcrossLocomotionStates" methodname="Player_LayeredPresentationStaysSynchronizedAcrossLocomotionStates" classname="Rustline.Tests.MovementLabPlayModeTests" runstate="Runnable" seed="1221909187" result="Failed" start-time="2026-09-09 19:53:26Z" end-time="2026-09-09 19:53:27Z" duration="1.467660" asserts="0">
              <properties>
                <property name="_JOINTYPE" value="UnityCombinatorial" />
                <property name="retryIteration" value="0" />
                <property name="repeatIteration" value="0" />
              </properties>
              <failure>
                <message><![CDATA[Armed Longwatch owns the overlay for an unsupported Body sprite.]]></message>
                <stack-trace><![CDATA[at Rustline.Tests.MovementLabPlayModeTests.AssertOwnedLayers (Rustline.Presentation.PlayerUnarmedArmsPresenter2D unarmedPresenter, Rustline.Presentation.PlayerLongwatchAimPresenter2D longwatchPresenter, UnityEngine.SpriteRenderer bodyRenderer, UnityEngine.SpriteRenderer armsRenderer) [0x00224] in C:\Projetos\Github\rustline\Assets\Tests\PlayMode\MovementLabPlayModeTests.cs:1492
at Rustline.Tests.MovementLabPlayModeTests+<Player_LayeredPresentationStaysSynchronizedAcrossLocomotionStates>d__3.MoveNext () [0x0079d] in C:\Projetos\Github\rustline\Assets\Tests\PlayMode\MovementLabPlayModeTests.cs:253
at UnityEngine.TestTools.TestEnumerator+<Execute>d__7.MoveNext () [0x0004e] in .\Library\PackageCache\com.unity.test-framework@629486125cfc\UnityEngine.TestRunner\NUnitExtensions\Attributes\TestEnumerator.cs:44
]]></stack-trace>
              </failure>
            </test-case>
            <test-case id="1044" name="Player_LeftFacingDustKeepsTakeoffFacingAfterPlayerTurns" fullname="Rustline.Tests.MovementLabPlayModeTests.Player_LeftFacingDustKeepsTakeoffFacingAfterPlayerTurns" methodname="Player_LeftFacingDustKeepsTakeoffFacingAfterPlayerTurns" classname="Rustline.Tests.MovementLabPlayModeTests" runstate="Runnable" seed="2046915143" result="Passed" start-time="2026-09-09 19:53:27Z" end-time="2026-09-09 19:53:28Z" duration="1.063949" asserts="0">
              <properties>
                <property name="_JOINTYPE" value="UnityCombinatorial" />
                <property name="retryIteration" value="0" />
                <property name="repeatIteration" value="0" />
              </properties>
            </test-case>
            <test-case id="1051" name="Player_LeftWallBraceAndKickUseActualWallSideAndPreserveImpulseLock" fullname="Rustline.Tests.MovementLabPlayModeTests.Player_LeftWallBraceAndKickUseActualWallSideAndPreserveImpulseLock" methodname="Player_LeftWallBraceAndKickUseActualWallSideAndPreserveImpulseLock" classname="Rustline.Tests.MovementLabPlayModeTests" runstate="Runnable" seed="1520388415" result="Passed" start-time="2026-09-09 19:53:28Z" end-time="2026-09-09 19:53:29Z" duration="0.619800" asserts="0">
              <properties>
                <property name="_JOINTYPE" value="UnityCombinatorial" />
                <property name="retryIteration" value="0" />
                <property name="repeatIteration" value="0" />
              </properties>
            </test-case>
            <test-case id="1046" name="Player_MovesJumpsAndRespawnsInMovementLab" fullname="Rustline.Tests.MovementLabPlayModeTests.Player_MovesJumpsAndRespawnsInMovementLab" methodname="Player_MovesJumpsAndRespawnsInMovementLab" classname="Rustline.Tests.MovementLabPlayModeTests" runstate="Runnable" seed="987065289" result="Passed" start-time="2026-09-09 19:53:29Z" end-time="2026-09-09 19:53:30Z" duration="1.386613" asserts="0">
              <properties>
                <property name="_JOINTYPE" value="UnityCombinatorial" />
                <property name="retryIteration" value="0" />
                <property name="repeatIteration" value="0" />
              </properties>
            </test-case>
            <test-case id="1050" name="Player_RightWallBraceAndKickUseActualWallSideAndPreserveImpulseLock" fullname="Rustline.Tests.MovementLabPlayModeTests.Player_RightWallBraceAndKickUseActualWallSideAndPreserveImpulseLock" methodname="Player_RightWallBraceAndKickUseActualWallSideAndPreserveImpulseLock" classname="Rustline.Tests.MovementLabPlayModeTests" runstate="Runnable" seed="163296558" result="Passed" start-time="2026-09-09 19:53:30Z" end-time="2026-09-09 19:53:31Z" duration="0.649455" asserts="0">
              <properties>
                <property name="_JOINTYPE" value="UnityCombinatorial" />
                <property name="retryIteration" value="0" />
                <property name="repeatIteration" value="0" />
              </properties>
            </test-case>
            <test-case id="1043" name="Player_RunningJumpDustStaysInWorldAndPlaysExactlyOnce" fullname="Rustline.Tests.MovementLabPlayModeTests.Player_RunningJumpDustStaysInWorldAndPlaysExactlyOnce" methodname="Player_RunningJumpDustStaysInWorldAndPlaysExactlyOnce" classname="Rustline.Tests.MovementLabPlayModeTests" runstate="Runnable" seed="376824814" result="Passed" start-time="2026-09-09 19:53:31Z" end-time="2026-09-09 19:53:33Z" duration="1.645304" asserts="0">
              <properties>
                <property name="_JOINTYPE" value="UnityCombinatorial" />
                <property name="retryIteration" value="0" />
                <property name="repeatIteration" value="0" />
              </properties>
            </test-case>
            <test-case id="1039" name="Player_SpawnRemainsSupportedAfterCompositeInitialization" fullname="Rustline.Tests.MovementLabPlayModeTests.Player_SpawnRemainsSupportedAfterCompositeInitialization" methodname="Player_SpawnRemainsSupportedAfterCompositeInitialization" classname="Rustline.Tests.MovementLabPlayModeTests" runstate="Runnable" seed="475545904" result="Passed" start-time="2026-09-09 19:53:33Z" end-time="2026-09-09 19:53:33Z" duration="0.588777" asserts="0">
              <properties>
                <property name="_JOINTYPE" value="UnityCombinatorial" />
                <property name="retryIteration" value="0" />
                <property name="repeatIteration" value="0" />
              </properties>
            </test-case>
          </test-suite>
          <test-suite type="TestFixture" id="1053" name="NativePixelPresentationPlayModeTests" fullname="Rustline.Tests.NativePixelPresentationPlayModeTests" classname="Rustline.Tests.NativePixelPresentationPlayModeTests" runstate="Runnable" testcasecount="3" result="Passed" start-time="2026-09-09 19:53:33Z" end-time="2026-09-09 19:53:35Z" duration="1.611179" total="3" passed="3" failed="0" inconclusive="0" skipped="0" asserts="0">
            <properties />
            <test-case id="1055" name="MovementLab_AllocatesAndTogglesNativeLogicalPresentation" fullname="Rustline.Tests.NativePixelPresentationPlayModeTests.MovementLab_AllocatesAndTogglesNativeLogicalPresentation" methodname="MovementLab_AllocatesAndTogglesNativeLogicalPresentation" classname="Rustline.Tests.NativePixelPresentationPlayModeTests" runstate="Runnable" seed="1876384872" result="Passed" start-time="2026-09-09 19:53:33Z" end-time="2026-09-09 19:53:34Z" duration="0.402124" asserts="0">
              <properties>
                <property name="_JOINTYPE" value="UnityCombinatorial" />
                <property name="retryIteration" value="0" />
                <property name="repeatIteration" value="0" />
              </properties>
            </test-case>
            <test-case id="1056" name="MovementLab_RendersWorldPixelsThroughRawAndPenumbraRenderGraphPaths" fullname="Rustline.Tests.NativePixelPresentationPlayModeTests.MovementLab_RendersWorldPixelsThroughRawAndPenumbraRenderGraphPaths" methodname="MovementLab_RendersWorldPixelsThroughRawAndPenumbraRenderGraphPaths" classname="Rustline.Tests.NativePixelPresentationPlayModeTests" runstate="Runnable" seed="854535509" result="Passed" start-time="2026-09-09 19:53:34Z" end-time="2026-09-09 19:53:34Z" duration="0.701388" asserts="0">
              <properties>
                <property name="_JOINTYPE" value="UnityCombinatorial" />
                <property name="retryIteration" value="0" />
                <property name="repeatIteration" value="0" />
              </properties>
            </test-case>
            <test-case id="1054" name="Penumbra_MovementWhileOffRefreshesImmediatelyOnEnableAndAfterTargetRecreation" fullname="Rustline.Tests.NativePixelPresentationPlayModeTests.Penumbra_MovementWhileOffRefreshesImmediatelyOnEnableAndAfterTargetRecreation" methodname="Penumbra_MovementWhileOffRefreshesImmediatelyOnEnableAndAfterTargetRecreation" classname="Rustline.Tests.NativePixelPresentationPlayModeTests" runstate="Runnable" seed="1586460768" result="Passed" start-time="2026-09-09 19:53:34Z" end-time="2026-09-09 19:53:35Z" duration="0.491188" asserts="0">
              <properties>
                <property name="_JOINTYPE" value="UnityCombinatorial" />
                <property name="retryIteration" value="0" />
                <property name="repeatIteration" value="0" />
              </properties>
            </test-case>
          </test-suite>
          <test-suite type="TestFixture" id="1057" name="PixelCameraFollowPlayModeTests" fullname="Rustline.Tests.PixelCameraFollowPlayModeTests" classname="Rustline.Tests.PixelCameraFollowPlayModeTests" runstate="Runnable" testcasecount="1" result="Passed" start-time="2026-09-09 19:53:35Z" end-time="2026-09-09 19:53:35Z" duration="0.211974" total="1" passed="1" failed="0" inconclusive="0" skipped="0" asserts="0">
            <properties />
            <test-case id="1058" name="Follow_PreservesContinuousSmoothingAndRecoilWithoutDirtyingUnchangedPixels" fullname="Rustline.Tests.PixelCameraFollowPlayModeTests.Follow_PreservesContinuousSmoothingAndRecoilWithoutDirtyingUnchangedPixels" methodname="Follow_PreservesContinuousSmoothingAndRecoilWithoutDirtyingUnchangedPixels" classname="Rustline.Tests.PixelCameraFollowPlayModeTests" runstate="Runnable" seed="1193508694" result="Passed" start-time="2026-09-09 19:53:35Z" end-time="2026-09-09 19:53:35Z" duration="0.199240" asserts="0">
              <properties>
                <property name="_JOINTYPE" value="UnityCombinatorial" />
                <property name="retryIteration" value="0" />
                <property name="repeatIteration" value="0" />
              </properties>
            </test-case>
          </test-suite>
          <test-suite type="TestFixture" id="1059" name="PrototypeGroundEnemyPlayModeTests" fullname="Rustline.Tests.PrototypeGroundEnemyPlayModeTests" classname="Rustline.Tests.PrototypeGroundEnemyPlayModeTests" runstate="Runnable" testcasecount="2" result="Passed" start-time="2026-09-09 19:53:35Z" end-time="2026-09-09 19:53:39Z" duration="3.913432" total="2" passed="2" failed="0" inconclusive="0" skipped="0" asserts="0">
            <properties />
            <test-case id="1060" name="LongwatchHitscan_ThreeShotsKillAndEncounterRestoresSameEnemy" fullname="Rustline.Tests.PrototypeGroundEnemyPlayModeTests.LongwatchHitscan_ThreeShotsKillAndEncounterRestoresSameEnemy" methodname="LongwatchHitscan_ThreeShotsKillAndEncounterRestoresSameEnemy" classname="Rustline.Tests.PrototypeGroundEnemyPlayModeTests" runstate="Runnable" seed="149296915" result="Passed" start-time="2026-09-09 19:53:35Z" end-time="2026-09-09 19:53:37Z" duration="2.281964" asserts="0">
              <properties>
                <property name="_JOINTYPE" value="UnityCombinatorial" />
                <property name="retryIteration" value="0" />
                <property name="repeatIteration" value="0" />
              </properties>
            </test-case>
            <test-case id="1061" name="Patrol_StaysInBoundsReversesStopsOnDeathAndResetsExactly" fullname="Rustline.Tests.PrototypeGroundEnemyPlayModeTests.Patrol_StaysInBoundsReversesStopsOnDeathAndResetsExactly" methodname="Patrol_StaysInBoundsReversesStopsOnDeathAndResetsExactly" classname="Rustline.Tests.PrototypeGroundEnemyPlayModeTests" runstate="Runnable" seed="1962605540" result="Passed" start-time="2026-09-09 19:53:37Z" end-time="2026-09-09 19:53:39Z" duration="1.614580" asserts="0">
              <properties>
                <property name="_JOINTYPE" value="UnityCombinatorial" />
                <property name="retryIteration" value="0" />
                <property name="repeatIteration" value="0" />
              </properties>
              <output><![CDATA[Saving results to: C:/Users/pedro/AppData/LocalLow/DefaultCompany/rustline\TestResults.xml
]]></output>
            </test-case>
          </test-suite>
        </test-suite>
      </test-suite>
    </test-suite>
  </test-suite>
</test-run>